[0;34m[BLUE][0m 2024-11-03 12:16:03 - Starting CaptainArr installation...
[0;34m[BLUE][0m 2024-11-03 12:16:03 - Running initialization...
[0;34m[BLUE][0m 2024-11-03 12:16:05 - Generating configurations...
[0;34m[BLUE][0m 2024-11-03 12:16:05 - Starting services...
[0;31m[RED][0m 2024-11-03 12:16:08 - Error on line 69: Command failed with exit code 130
[0;34m[BLUE][0m 2024-11-03 12:22:31 - Starting CaptainArr installation...
[0;34m[BLUE][0m 2024-11-03 12:22:31 - Running initialization...
[0;34m[BLUE][0m 2024-11-03 12:22:32 - Generating configurations...
[0;34m[BLUE][0m 2024-11-03 12:22:32 - Starting services...
[0;32m[GREEN][0m 2024-11-03 12:22:34 - Installation complete!
[0;34m[BLUE][0m 2024-11-03 12:22:34 - Access your services at http://localhost:80/
[0;34m[BLUE][0m 2024-11-03 12:22:34 - Run './captainarr.sh help' for available commands
[0;34m[BLUE][0m 2024-11-03 12:26:10 - Starting CaptainArr installation...
[0;34m[BLUE][0m 2024-11-03 12:26:10 - Running initialization...
[0;34m[BLUE][0m 2024-11-03 12:26:11 - Generating configurations...
[0;34m[BLUE][0m 2024-11-03 12:26:11 - Starting services...
[0;31m[RED][0m 2024-11-03 12:26:13 - Error on line 69: Command failed with exit code 1
[0;34m[BLUE][0m 2024-11-03 12:26:23 - Starting CaptainArr installation...
[0;34m[BLUE][0m 2024-11-03 12:26:23 - Running initialization...
[0;34m[BLUE][0m 2024-11-03 12:26:24 - Generating configurations...
[0;34m[BLUE][0m 2024-11-03 12:26:25 - Starting services...
[0;31m[RED][0m 2024-11-03 12:26:25 - Error on line 69: Command failed with exit code 1
[0;34m[BLUE][0m 2024-11-03 12:52:28 - Starting CaptainArr installation...
[0;34m[BLUE][0m 2024-11-03 12:52:28 - Running initialization...
[0;34m[BLUE][0m 2024-11-03 12:52:30 - Generating configurations...
[0;34m[BLUE][0m 2024-11-03 12:52:30 - Starting services...
[0;32m[GREEN][0m 2024-11-03 12:52:32 - Installation complete!
[0;34m[BLUE][0m 2024-11-03 12:52:32 - Access your services at http://localhost:80/
[0;34m[BLUE][0m 2024-11-03 12:52:32 - Run './captainarr.sh help' for available commands
[0;34m[BLUE][0m 2024-11-03 13:02:25 - Starting CaptainArr installation...
[0;34m[BLUE][0m 2024-11-03 13:02:25 - Running initialization...
[0;34m[BLUE][0m 2024-11-03 13:02:26 - Generating configurations...
[0;34m[BLUE][0m 2024-11-03 13:02:27 - Starting services...
[0;32m[GREEN][0m 2024-11-03 13:02:27 - Installation complete!
[0;34m[BLUE][0m 2024-11-03 13:02:27 - Access your services at http://localhost:80/
[0;34m[BLUE][0m 2024-11-03 13:02:27 - Run './captainarr.sh help' for available commands
[0;34m[BLUE][0m 2024-11-03 13:11:29 - Starting CaptainArr installation...
[0;34m[BLUE][0m 2024-11-03 13:11:29 - Running initialization...
[0;34m[BLUE][0m 2024-11-03 13:11:30 - Generating configurations...
[0;34m[BLUE][0m 2024-11-03 13:11:31 - Starting services...
[0;32m[GREEN][0m 2024-11-03 13:11:33 - Installation complete!
[0;34m[BLUE][0m 2024-11-03 13:11:33 - Access your services at http://localhost:80/
[0;34m[BLUE][0m 2024-11-03 13:11:33 - Run './captainarr.sh help' for available commands
[0;34m[BLUE][0m 2024-11-03 13:21:54 - Starting CaptainArr installation...
[0;34m[BLUE][0m 2024-11-03 13:21:54 - Running initialization...
[0;34m[BLUE][0m 2024-11-03 13:21:56 - Generating configurations...
[0;34m[BLUE][0m 2024-11-03 13:21:56 - Starting services...
[0;32m[GREEN][0m 2024-11-03 13:21:58 - Installation complete!
[0;34m[BLUE][0m 2024-11-03 13:21:58 - Access your services at http://localhost:80/
[0;34m[BLUE][0m 2024-11-03 13:21:58 - Run './captainarr.sh help' for available commands
[0;34m[BLUE][0m 2024-11-03 13:24:39 - Starting CaptainArr installation...
[0;34m[BLUE][0m 2024-11-03 13:24:39 - Running initialization...
[0;34m[BLUE][0m 2024-11-03 13:24:40 - Generating configurations...
[0;34m[BLUE][0m 2024-11-03 13:24:41 - Starting services...
[0;32m[GREEN][0m 2024-11-03 13:24:43 - Installation complete!
[0;34m[BLUE][0m 2024-11-03 13:24:43 - Access your services at http://localhost:80/
[0;34m[BLUE][0m 2024-11-03 13:24:43 - Run './captainarr.sh help' for available commands
[0;34m[BLUE][0m 2024-11-03 13:27:51 - Starting CaptainArr installation...
[0;34m[BLUE][0m 2024-11-03 13:27:51 - Running initialization...
[0;34m[BLUE][0m 2024-11-03 13:27:53 - Generating configurations...
[0;34m[BLUE][0m 2024-11-03 13:27:53 - Starting services...
[0;32m[GREEN][0m 2024-11-03 13:27:55 - Installation complete!
[0;34m[BLUE][0m 2024-11-03 13:27:55 - Access your services at http://localhost:80/
[0;34m[BLUE][0m 2024-11-03 13:27:55 - Run './captainarr.sh help' for available commands
[0;34m[BLUE][0m 2024-11-03 13:40:10 - Starting CaptainArr installation...
[0;34m[BLUE][0m 2024-11-03 13:40:10 - Running initialization...
[0;34m[BLUE][0m 2024-11-03 13:40:11 - Generating configurations...
[0;34m[BLUE][0m 2024-11-03 13:40:12 - Starting services...
[0;32m[GREEN][0m 2024-11-03 13:40:14 - Installation complete!
[0;34m[BLUE][0m 2024-11-03 13:40:14 - Access your services at http://localhost:80/
[0;34m[BLUE][0m 2024-11-03 13:40:14 - Run './captainarr.sh help' for available commands
[0;34m[BLUE][0m 2024-11-03 13:55:25 - Starting CaptainArr installation...
[0;34m[BLUE][0m 2024-11-03 13:55:25 - Running initialization...
[0;34m[BLUE][0m 2024-11-03 13:55:26 - Generating configurations...
[0;34m[BLUE][0m 2024-11-03 13:55:27 - Starting services...
[0;32m[GREEN][0m 2024-11-03 13:55:29 - Installation complete!
[0;34m[BLUE][0m 2024-11-03 13:55:29 - Access your services at http://localhost:80/
[0;34m[BLUE][0m 2024-11-03 13:55:29 - Run './captainarr.sh help' for available commands
