2024-11-03 11:40:14 - INFO    :: deleterr.py :: deleterr : Running version rfsbraz/deleterr:0.0.19
2024-11-03 11:40:14 - INFO    :: deleterr.py :: deleterr : Log level set to INFO
2024-11-03 11:40:14 - ERROR   :: config.py :: deleterr : Failed to connect to Sonarr at http://sonarr:8989, check your configuration.
2024-11-03 11:40:14 - ERROR   :: config.py :: deleterr : Invalid configuration, exiting.
2024-11-03 11:40:16 - INFO    :: deleterr.py :: deleterr : Running version rfsbraz/deleterr:0.0.19
2024-11-03 11:40:16 - INFO    :: deleterr.py :: deleterr : Log level set to INFO
2024-11-03 11:40:16 - ERROR   :: config.py :: deleterr : Failed to connect to Sonarr at http://sonarr:8989, check your configuration.
2024-11-03 11:40:16 - ERROR   :: config.py :: deleterr : Invalid configuration, exiting.
2024-11-03 11:40:17 - INFO    :: deleterr.py :: deleterr : Running version rfsbraz/deleterr:0.0.19
2024-11-03 11:40:17 - INFO    :: deleterr.py :: deleterr : Log level set to INFO
2024-11-03 11:40:17 - ERROR   :: config.py :: deleterr : Failed to connect to Sonarr at http://sonarr:8989, check your configuration.
2024-11-03 11:40:17 - ERROR   :: config.py :: deleterr : Invalid configuration, exiting.
2024-11-03 11:40:18 - INFO    :: deleterr.py :: deleterr : Running version rfsbraz/deleterr:0.0.19
2024-11-03 11:40:18 - INFO    :: deleterr.py :: deleterr : Log level set to INFO
2024-11-03 11:40:18 - ERROR   :: config.py :: deleterr : Failed to connect to Sonarr at http://sonarr:8989, check your configuration.
2024-11-03 11:40:18 - ERROR   :: config.py :: deleterr : Invalid configuration, exiting.
2024-11-03 11:40:20 - INFO    :: deleterr.py :: deleterr : Running version rfsbraz/deleterr:0.0.19
2024-11-03 11:40:20 - INFO    :: deleterr.py :: deleterr : Log level set to INFO
2024-11-03 11:40:20 - ERROR   :: config.py :: deleterr : Failed to connect to Sonarr at http://sonarr:8989, check your configuration.
2024-11-03 11:40:20 - ERROR   :: config.py :: deleterr : Invalid configuration, exiting.
2024-11-03 11:40:22 - INFO    :: deleterr.py :: deleterr : Running version rfsbraz/deleterr:0.0.19
2024-11-03 11:40:22 - INFO    :: deleterr.py :: deleterr : Log level set to INFO
2024-11-03 11:40:22 - ERROR   :: config.py :: deleterr : Failed to connect to Sonarr at http://sonarr:8989, check your configuration.
2024-11-03 11:40:22 - ERROR   :: config.py :: deleterr : Invalid configuration, exiting.
2024-11-03 11:40:26 - INFO    :: deleterr.py :: deleterr : Running version rfsbraz/deleterr:0.0.19
2024-11-03 11:40:26 - INFO    :: deleterr.py :: deleterr : Log level set to INFO
2024-11-03 11:40:26 - ERROR   :: config.py :: deleterr : Tautulli configuration not found, check your configuration.
2024-11-03 11:40:26 - ERROR   :: config.py :: deleterr : Invalid configuration, exiting.
2024-11-03 11:40:33 - INFO    :: deleterr.py :: deleterr : Running version rfsbraz/deleterr:0.0.19
2024-11-03 11:40:33 - INFO    :: deleterr.py :: deleterr : Log level set to INFO
2024-11-03 11:40:33 - ERROR   :: config.py :: deleterr : Tautulli configuration not found, check your configuration.
2024-11-03 11:40:33 - ERROR   :: config.py :: deleterr : Invalid configuration, exiting.
2024-11-03 11:40:47 - INFO    :: deleterr.py :: deleterr : Running version rfsbraz/deleterr:0.0.19
2024-11-03 11:40:47 - INFO    :: deleterr.py :: deleterr : Log level set to INFO
2024-11-03 11:40:47 - ERROR   :: config.py :: deleterr : Tautulli configuration not found, check your configuration.
2024-11-03 11:40:47 - ERROR   :: config.py :: deleterr : Invalid configuration, exiting.
2024-11-03 11:41:13 - INFO    :: deleterr.py :: deleterr : Running version rfsbraz/deleterr:0.0.19
2024-11-03 11:41:13 - INFO    :: deleterr.py :: deleterr : Log level set to INFO
2024-11-03 11:41:13 - ERROR   :: config.py :: deleterr : Tautulli configuration not found, check your configuration.
2024-11-03 11:41:13 - ERROR   :: config.py :: deleterr : Invalid configuration, exiting.
2024-11-03 11:42:05 - INFO    :: deleterr.py :: deleterr : Running version rfsbraz/deleterr:0.0.19
2024-11-03 11:42:05 - INFO    :: deleterr.py :: deleterr : Log level set to INFO
2024-11-03 11:42:05 - ERROR   :: config.py :: deleterr : Tautulli configuration not found, check your configuration.
2024-11-03 11:42:05 - ERROR   :: config.py :: deleterr : Invalid configuration, exiting.
2024-11-03 11:43:06 - INFO    :: deleterr.py :: deleterr : Running version rfsbraz/deleterr:0.0.19
2024-11-03 11:43:06 - INFO    :: deleterr.py :: deleterr : Log level set to INFO
2024-11-03 11:43:06 - ERROR   :: config.py :: deleterr : Tautulli configuration not found, check your configuration.
2024-11-03 11:43:06 - ERROR   :: config.py :: deleterr : Invalid configuration, exiting.
2024-11-03 11:44:07 - INFO    :: deleterr.py :: deleterr : Running version rfsbraz/deleterr:0.0.19
2024-11-03 11:44:07 - INFO    :: deleterr.py :: deleterr : Log level set to INFO
2024-11-03 11:44:07 - ERROR   :: config.py :: deleterr : Tautulli configuration not found, check your configuration.
2024-11-03 11:44:07 - ERROR   :: config.py :: deleterr : Invalid configuration, exiting.
2024-11-03 11:45:08 - INFO    :: deleterr.py :: deleterr : Running version rfsbraz/deleterr:0.0.19
2024-11-03 11:45:08 - INFO    :: deleterr.py :: deleterr : Log level set to INFO
2024-11-03 11:45:08 - ERROR   :: config.py :: deleterr : Tautulli configuration not found, check your configuration.
2024-11-03 11:45:08 - ERROR   :: config.py :: deleterr : Invalid configuration, exiting.
2024-11-03 11:46:08 - INFO    :: deleterr.py :: deleterr : Running version rfsbraz/deleterr:0.0.19
2024-11-03 11:46:08 - INFO    :: deleterr.py :: deleterr : Log level set to INFO
2024-11-03 11:46:08 - ERROR   :: config.py :: deleterr : Tautulli configuration not found, check your configuration.
2024-11-03 11:46:08 - ERROR   :: config.py :: deleterr : Invalid configuration, exiting.
2024-11-03 11:47:09 - INFO    :: deleterr.py :: deleterr : Running version rfsbraz/deleterr:0.0.19
2024-11-03 11:47:09 - INFO    :: deleterr.py :: deleterr : Log level set to INFO
2024-11-03 11:47:09 - ERROR   :: config.py :: deleterr : Tautulli configuration not found, check your configuration.
2024-11-03 11:47:09 - ERROR   :: config.py :: deleterr : Invalid configuration, exiting.
2024-11-03 11:48:10 - INFO    :: deleterr.py :: deleterr : Running version rfsbraz/deleterr:0.0.19
2024-11-03 11:48:10 - INFO    :: deleterr.py :: deleterr : Log level set to INFO
2024-11-03 11:48:10 - ERROR   :: config.py :: deleterr : Tautulli configuration not found, check your configuration.
2024-11-03 11:48:10 - ERROR   :: config.py :: deleterr : Invalid configuration, exiting.
2024-11-03 11:49:11 - INFO    :: deleterr.py :: deleterr : Running version rfsbraz/deleterr:0.0.19
2024-11-03 11:49:11 - INFO    :: deleterr.py :: deleterr : Log level set to INFO
2024-11-03 11:49:11 - ERROR   :: config.py :: deleterr : Tautulli configuration not found, check your configuration.
2024-11-03 11:49:11 - ERROR   :: config.py :: deleterr : Invalid configuration, exiting.
2024-11-03 11:50:11 - INFO    :: deleterr.py :: deleterr : Running version rfsbraz/deleterr:0.0.19
2024-11-03 11:50:11 - INFO    :: deleterr.py :: deleterr : Log level set to INFO
2024-11-03 11:50:11 - ERROR   :: config.py :: deleterr : Tautulli configuration not found, check your configuration.
2024-11-03 11:50:11 - ERROR   :: config.py :: deleterr : Invalid configuration, exiting.
2024-11-03 11:51:12 - INFO    :: deleterr.py :: deleterr : Running version rfsbraz/deleterr:0.0.19
2024-11-03 11:51:12 - INFO    :: deleterr.py :: deleterr : Log level set to INFO
2024-11-03 11:51:12 - ERROR   :: config.py :: deleterr : Tautulli configuration not found, check your configuration.
2024-11-03 11:51:12 - ERROR   :: config.py :: deleterr : Invalid configuration, exiting.
2024-11-03 11:52:13 - INFO    :: deleterr.py :: deleterr : Running version rfsbraz/deleterr:0.0.19
2024-11-03 11:52:13 - INFO    :: deleterr.py :: deleterr : Log level set to INFO
2024-11-03 11:52:13 - ERROR   :: config.py :: deleterr : Tautulli configuration not found, check your configuration.
2024-11-03 11:52:13 - ERROR   :: config.py :: deleterr : Invalid configuration, exiting.
2024-11-03 11:53:14 - INFO    :: deleterr.py :: deleterr : Running version rfsbraz/deleterr:0.0.19
2024-11-03 11:53:14 - INFO    :: deleterr.py :: deleterr : Log level set to INFO
2024-11-03 11:53:14 - ERROR   :: config.py :: deleterr : Tautulli configuration not found, check your configuration.
2024-11-03 11:53:14 - ERROR   :: config.py :: deleterr : Invalid configuration, exiting.
2024-11-03 11:54:14 - INFO    :: deleterr.py :: deleterr : Running version rfsbraz/deleterr:0.0.19
2024-11-03 11:54:14 - INFO    :: deleterr.py :: deleterr : Log level set to INFO
2024-11-03 11:54:14 - ERROR   :: config.py :: deleterr : Tautulli configuration not found, check your configuration.
2024-11-03 11:54:14 - ERROR   :: config.py :: deleterr : Invalid configuration, exiting.
2024-11-03 11:56:33 - INFO    :: deleterr.py :: deleterr : Running version rfsbraz/deleterr:0.0.19
2024-11-03 11:56:33 - INFO    :: deleterr.py :: deleterr : Log level set to INFO
2024-11-03 11:56:33 - ERROR   :: config.py :: deleterr : Failed to connect to Sonarr at http://sonarr:8989, check your configuration.
2024-11-03 11:56:33 - ERROR   :: config.py :: deleterr : Invalid configuration, exiting.
2024-11-03 11:56:34 - INFO    :: deleterr.py :: deleterr : Running version rfsbraz/deleterr:0.0.19
2024-11-03 11:56:34 - INFO    :: deleterr.py :: deleterr : Log level set to INFO
2024-11-03 11:56:34 - ERROR   :: config.py :: deleterr : Failed to connect to Sonarr at http://sonarr:8989, check your configuration.
2024-11-03 11:56:34 - ERROR   :: config.py :: deleterr : Invalid configuration, exiting.
2024-11-03 11:56:36 - INFO    :: deleterr.py :: deleterr : Running version rfsbraz/deleterr:0.0.19
2024-11-03 11:56:36 - INFO    :: deleterr.py :: deleterr : Log level set to INFO
2024-11-03 11:56:36 - ERROR   :: config.py :: deleterr : Tautulli configuration not found, check your configuration.
2024-11-03 11:56:36 - ERROR   :: config.py :: deleterr : Invalid configuration, exiting.
2024-11-03 11:56:37 - INFO    :: deleterr.py :: deleterr : Running version rfsbraz/deleterr:0.0.19
2024-11-03 11:56:37 - INFO    :: deleterr.py :: deleterr : Log level set to INFO
2024-11-03 11:56:37 - ERROR   :: config.py :: deleterr : Tautulli configuration not found, check your configuration.
2024-11-03 11:56:37 - ERROR   :: config.py :: deleterr : Invalid configuration, exiting.
2024-11-03 11:56:39 - INFO    :: deleterr.py :: deleterr : Running version rfsbraz/deleterr:0.0.19
2024-11-03 11:56:39 - INFO    :: deleterr.py :: deleterr : Log level set to INFO
2024-11-03 11:56:39 - ERROR   :: config.py :: deleterr : Tautulli configuration not found, check your configuration.
2024-11-03 11:56:39 - ERROR   :: config.py :: deleterr : Invalid configuration, exiting.
2024-11-03 11:56:41 - INFO    :: deleterr.py :: deleterr : Running version rfsbraz/deleterr:0.0.19
2024-11-03 11:56:41 - INFO    :: deleterr.py :: deleterr : Log level set to INFO
2024-11-03 11:56:41 - ERROR   :: config.py :: deleterr : Tautulli configuration not found, check your configuration.
2024-11-03 11:56:41 - ERROR   :: config.py :: deleterr : Invalid configuration, exiting.
2024-11-03 11:56:45 - INFO    :: deleterr.py :: deleterr : Running version rfsbraz/deleterr:0.0.19
2024-11-03 11:56:45 - INFO    :: deleterr.py :: deleterr : Log level set to INFO
2024-11-03 11:56:45 - ERROR   :: config.py :: deleterr : Tautulli configuration not found, check your configuration.
2024-11-03 11:56:45 - ERROR   :: config.py :: deleterr : Invalid configuration, exiting.
2024-11-03 11:56:53 - INFO    :: deleterr.py :: deleterr : Running version rfsbraz/deleterr:0.0.19
2024-11-03 11:56:53 - INFO    :: deleterr.py :: deleterr : Log level set to INFO
2024-11-03 11:56:53 - ERROR   :: config.py :: deleterr : Tautulli configuration not found, check your configuration.
2024-11-03 11:56:53 - ERROR   :: config.py :: deleterr : Invalid configuration, exiting.
2024-11-03 11:57:06 - INFO    :: deleterr.py :: deleterr : Running version rfsbraz/deleterr:0.0.19
2024-11-03 11:57:06 - INFO    :: deleterr.py :: deleterr : Log level set to INFO
2024-11-03 11:57:06 - ERROR   :: config.py :: deleterr : Tautulli configuration not found, check your configuration.
2024-11-03 11:57:06 - ERROR   :: config.py :: deleterr : Invalid configuration, exiting.
2024-11-03 11:57:32 - INFO    :: deleterr.py :: deleterr : Running version rfsbraz/deleterr:0.0.19
2024-11-03 11:57:32 - INFO    :: deleterr.py :: deleterr : Log level set to INFO
2024-11-03 11:57:32 - ERROR   :: config.py :: deleterr : Tautulli configuration not found, check your configuration.
2024-11-03 11:57:32 - ERROR   :: config.py :: deleterr : Invalid configuration, exiting.
2024-11-03 11:58:24 - INFO    :: deleterr.py :: deleterr : Running version rfsbraz/deleterr:0.0.19
2024-11-03 11:58:24 - INFO    :: deleterr.py :: deleterr : Log level set to INFO
2024-11-03 11:58:24 - ERROR   :: config.py :: deleterr : Tautulli configuration not found, check your configuration.
2024-11-03 11:58:24 - ERROR   :: config.py :: deleterr : Invalid configuration, exiting.
2024-11-03 11:59:25 - INFO    :: deleterr.py :: deleterr : Running version rfsbraz/deleterr:0.0.19
2024-11-03 11:59:25 - INFO    :: deleterr.py :: deleterr : Log level set to INFO
2024-11-03 11:59:25 - ERROR   :: config.py :: deleterr : Tautulli configuration not found, check your configuration.
2024-11-03 11:59:25 - ERROR   :: config.py :: deleterr : Invalid configuration, exiting.
2024-11-03 12:00:26 - INFO    :: deleterr.py :: deleterr : Running version rfsbraz/deleterr:0.0.19
2024-11-03 12:00:26 - INFO    :: deleterr.py :: deleterr : Log level set to INFO
2024-11-03 12:00:26 - ERROR   :: config.py :: deleterr : Tautulli configuration not found, check your configuration.
2024-11-03 12:00:26 - ERROR   :: config.py :: deleterr : Invalid configuration, exiting.
2024-11-03 12:01:27 - INFO    :: deleterr.py :: deleterr : Running version rfsbraz/deleterr:0.0.19
2024-11-03 12:01:27 - INFO    :: deleterr.py :: deleterr : Log level set to INFO
2024-11-03 12:01:27 - ERROR   :: config.py :: deleterr : Tautulli configuration not found, check your configuration.
2024-11-03 12:01:27 - ERROR   :: config.py :: deleterr : Invalid configuration, exiting.
2024-11-03 12:02:27 - INFO    :: deleterr.py :: deleterr : Running version rfsbraz/deleterr:0.0.19
2024-11-03 12:02:27 - INFO    :: deleterr.py :: deleterr : Log level set to INFO
2024-11-03 12:02:27 - ERROR   :: config.py :: deleterr : Tautulli configuration not found, check your configuration.
2024-11-03 12:02:27 - ERROR   :: config.py :: deleterr : Invalid configuration, exiting.
2024-11-03 12:03:28 - INFO    :: deleterr.py :: deleterr : Running version rfsbraz/deleterr:0.0.19
2024-11-03 12:03:28 - INFO    :: deleterr.py :: deleterr : Log level set to INFO
2024-11-03 12:03:28 - ERROR   :: config.py :: deleterr : Tautulli configuration not found, check your configuration.
2024-11-03 12:03:28 - ERROR   :: config.py :: deleterr : Invalid configuration, exiting.
2024-11-03 12:04:29 - INFO    :: deleterr.py :: deleterr : Running version rfsbraz/deleterr:0.0.19
2024-11-03 12:04:29 - INFO    :: deleterr.py :: deleterr : Log level set to INFO
2024-11-03 12:04:29 - ERROR   :: config.py :: deleterr : Tautulli configuration not found, check your configuration.
2024-11-03 12:04:29 - ERROR   :: config.py :: deleterr : Invalid configuration, exiting.
2024-11-03 12:05:30 - INFO    :: deleterr.py :: deleterr : Running version rfsbraz/deleterr:0.0.19
2024-11-03 12:05:30 - INFO    :: deleterr.py :: deleterr : Log level set to INFO
2024-11-03 12:05:30 - ERROR   :: config.py :: deleterr : Tautulli configuration not found, check your configuration.
2024-11-03 12:05:30 - ERROR   :: config.py :: deleterr : Invalid configuration, exiting.
2024-11-03 12:06:31 - INFO    :: deleterr.py :: deleterr : Running version rfsbraz/deleterr:0.0.19
2024-11-03 12:06:31 - INFO    :: deleterr.py :: deleterr : Log level set to INFO
2024-11-03 12:06:31 - ERROR   :: config.py :: deleterr : Tautulli configuration not found, check your configuration.
2024-11-03 12:06:31 - ERROR   :: config.py :: deleterr : Invalid configuration, exiting.
2024-11-03 12:07:31 - INFO    :: deleterr.py :: deleterr : Running version rfsbraz/deleterr:0.0.19
2024-11-03 12:07:31 - INFO    :: deleterr.py :: deleterr : Log level set to INFO
2024-11-03 12:07:31 - ERROR   :: config.py :: deleterr : Tautulli configuration not found, check your configuration.
2024-11-03 12:07:31 - ERROR   :: config.py :: deleterr : Invalid configuration, exiting.
2024-11-03 12:08:32 - INFO    :: deleterr.py :: deleterr : Running version rfsbraz/deleterr:0.0.19
2024-11-03 12:08:32 - INFO    :: deleterr.py :: deleterr : Log level set to INFO
2024-11-03 12:08:32 - ERROR   :: config.py :: deleterr : Tautulli configuration not found, check your configuration.
2024-11-03 12:08:32 - ERROR   :: config.py :: deleterr : Invalid configuration, exiting.
2024-11-03 12:09:33 - INFO    :: deleterr.py :: deleterr : Running version rfsbraz/deleterr:0.0.19
2024-11-03 12:09:33 - INFO    :: deleterr.py :: deleterr : Log level set to INFO
2024-11-03 12:09:33 - ERROR   :: config.py :: deleterr : Tautulli configuration not found, check your configuration.
2024-11-03 12:09:33 - ERROR   :: config.py :: deleterr : Invalid configuration, exiting.
2024-11-03 12:10:33 - INFO    :: deleterr.py :: deleterr : Running version rfsbraz/deleterr:0.0.19
2024-11-03 12:10:33 - INFO    :: deleterr.py :: deleterr : Log level set to INFO
2024-11-03 12:10:34 - ERROR   :: config.py :: deleterr : Tautulli configuration not found, check your configuration.
2024-11-03 12:10:34 - ERROR   :: config.py :: deleterr : Invalid configuration, exiting.
2024-11-03 12:11:34 - INFO    :: deleterr.py :: deleterr : Running version rfsbraz/deleterr:0.0.19
2024-11-03 12:11:34 - INFO    :: deleterr.py :: deleterr : Log level set to INFO
2024-11-03 12:11:34 - ERROR   :: config.py :: deleterr : Tautulli configuration not found, check your configuration.
2024-11-03 12:11:34 - ERROR   :: config.py :: deleterr : Invalid configuration, exiting.
2024-11-03 12:12:35 - INFO    :: deleterr.py :: deleterr : Running version rfsbraz/deleterr:0.0.19
2024-11-03 12:12:35 - INFO    :: deleterr.py :: deleterr : Log level set to INFO
2024-11-03 12:12:35 - ERROR   :: config.py :: deleterr : Tautulli configuration not found, check your configuration.
2024-11-03 12:12:35 - ERROR   :: config.py :: deleterr : Invalid configuration, exiting.
2024-11-03 12:13:36 - INFO    :: deleterr.py :: deleterr : Running version rfsbraz/deleterr:0.0.19
2024-11-03 12:13:36 - INFO    :: deleterr.py :: deleterr : Log level set to INFO
2024-11-03 12:13:36 - ERROR   :: config.py :: deleterr : Tautulli configuration not found, check your configuration.
2024-11-03 12:13:36 - ERROR   :: config.py :: deleterr : Invalid configuration, exiting.
2024-11-03 12:14:36 - INFO    :: deleterr.py :: deleterr : Running version rfsbraz/deleterr:0.0.19
2024-11-03 12:14:36 - INFO    :: deleterr.py :: deleterr : Log level set to INFO
2024-11-03 12:14:36 - ERROR   :: config.py :: deleterr : Tautulli configuration not found, check your configuration.
2024-11-03 12:14:36 - ERROR   :: config.py :: deleterr : Invalid configuration, exiting.
2024-11-03 12:15:37 - INFO    :: deleterr.py :: deleterr : Running version rfsbraz/deleterr:0.0.19
2024-11-03 12:15:37 - INFO    :: deleterr.py :: deleterr : Log level set to INFO
2024-11-03 12:15:37 - ERROR   :: config.py :: deleterr : Tautulli configuration not found, check your configuration.
2024-11-03 12:15:37 - ERROR   :: config.py :: deleterr : Invalid configuration, exiting.
2024-11-03 12:16:38 - INFO    :: deleterr.py :: deleterr : Running version rfsbraz/deleterr:0.0.19
2024-11-03 12:16:38 - INFO    :: deleterr.py :: deleterr : Log level set to INFO
2024-11-03 12:16:38 - ERROR   :: config.py :: deleterr : Tautulli configuration not found, check your configuration.
2024-11-03 12:16:38 - ERROR   :: config.py :: deleterr : Invalid configuration, exiting.
2024-11-03 12:17:39 - INFO    :: deleterr.py :: deleterr : Running version rfsbraz/deleterr:0.0.19
2024-11-03 12:17:39 - INFO    :: deleterr.py :: deleterr : Log level set to INFO
2024-11-03 12:17:39 - ERROR   :: config.py :: deleterr : Tautulli configuration not found, check your configuration.
2024-11-03 12:17:39 - ERROR   :: config.py :: deleterr : Invalid configuration, exiting.
2024-11-03 12:18:40 - INFO    :: deleterr.py :: deleterr : Running version rfsbraz/deleterr:0.0.19
2024-11-03 12:18:40 - INFO    :: deleterr.py :: deleterr : Log level set to INFO
2024-11-03 12:18:40 - ERROR   :: config.py :: deleterr : Tautulli configuration not found, check your configuration.
2024-11-03 12:18:40 - ERROR   :: config.py :: deleterr : Invalid configuration, exiting.
2024-11-03 12:19:40 - INFO    :: deleterr.py :: deleterr : Running version rfsbraz/deleterr:0.0.19
2024-11-03 12:19:40 - INFO    :: deleterr.py :: deleterr : Log level set to INFO
2024-11-03 12:19:40 - ERROR   :: config.py :: deleterr : Tautulli configuration not found, check your configuration.
2024-11-03 12:19:40 - ERROR   :: config.py :: deleterr : Invalid configuration, exiting.
2024-11-03 12:20:41 - INFO    :: deleterr.py :: deleterr : Running version rfsbraz/deleterr:0.0.19
2024-11-03 12:20:41 - INFO    :: deleterr.py :: deleterr : Log level set to INFO
2024-11-03 12:20:41 - ERROR   :: config.py :: deleterr : Tautulli configuration not found, check your configuration.
2024-11-03 12:20:41 - ERROR   :: config.py :: deleterr : Invalid configuration, exiting.
2024-11-03 12:21:42 - INFO    :: deleterr.py :: deleterr : Running version rfsbraz/deleterr:0.0.19
2024-11-03 12:21:42 - INFO    :: deleterr.py :: deleterr : Log level set to INFO
2024-11-03 12:21:42 - ERROR   :: config.py :: deleterr : Tautulli configuration not found, check your configuration.
2024-11-03 12:21:42 - ERROR   :: config.py :: deleterr : Invalid configuration, exiting.
2024-11-03 12:22:43 - INFO    :: deleterr.py :: deleterr : Running version rfsbraz/deleterr:0.0.19
2024-11-03 12:22:43 - INFO    :: deleterr.py :: deleterr : Log level set to INFO
2024-11-03 12:22:43 - ERROR   :: config.py :: deleterr : Tautulli configuration not found, check your configuration.
2024-11-03 12:22:43 - ERROR   :: config.py :: deleterr : Invalid configuration, exiting.
2024-11-03 12:23:43 - INFO    :: deleterr.py :: deleterr : Running version rfsbraz/deleterr:0.0.19
2024-11-03 12:23:43 - INFO    :: deleterr.py :: deleterr : Log level set to INFO
2024-11-03 12:23:43 - ERROR   :: config.py :: deleterr : Tautulli configuration not found, check your configuration.
2024-11-03 12:23:43 - ERROR   :: config.py :: deleterr : Invalid configuration, exiting.
2024-11-03 12:24:44 - INFO    :: deleterr.py :: deleterr : Running version rfsbraz/deleterr:0.0.19
2024-11-03 12:24:44 - INFO    :: deleterr.py :: deleterr : Log level set to INFO
2024-11-03 12:24:44 - ERROR   :: config.py :: deleterr : Tautulli configuration not found, check your configuration.
2024-11-03 12:24:44 - ERROR   :: config.py :: deleterr : Invalid configuration, exiting.
2024-11-03 12:25:45 - INFO    :: deleterr.py :: deleterr : Running version rfsbraz/deleterr:0.0.19
2024-11-03 12:25:45 - INFO    :: deleterr.py :: deleterr : Log level set to INFO
2024-11-03 12:25:45 - ERROR   :: config.py :: deleterr : Tautulli configuration not found, check your configuration.
2024-11-03 12:25:45 - ERROR   :: config.py :: deleterr : Invalid configuration, exiting.
2024-11-03 12:26:46 - INFO    :: deleterr.py :: deleterr : Running version rfsbraz/deleterr:0.0.19
2024-11-03 12:26:46 - INFO    :: deleterr.py :: deleterr : Log level set to INFO
2024-11-03 12:26:46 - ERROR   :: config.py :: deleterr : Tautulli configuration not found, check your configuration.
2024-11-03 12:26:46 - ERROR   :: config.py :: deleterr : Invalid configuration, exiting.
2024-11-03 12:27:46 - INFO    :: deleterr.py :: deleterr : Running version rfsbraz/deleterr:0.0.19
2024-11-03 12:27:46 - INFO    :: deleterr.py :: deleterr : Log level set to INFO
2024-11-03 12:27:46 - ERROR   :: config.py :: deleterr : Tautulli configuration not found, check your configuration.
2024-11-03 12:27:46 - ERROR   :: config.py :: deleterr : Invalid configuration, exiting.
2024-11-03 12:28:47 - INFO    :: deleterr.py :: deleterr : Running version rfsbraz/deleterr:0.0.19
2024-11-03 12:28:47 - INFO    :: deleterr.py :: deleterr : Log level set to INFO
2024-11-03 12:28:47 - ERROR   :: config.py :: deleterr : Tautulli configuration not found, check your configuration.
2024-11-03 12:28:47 - ERROR   :: config.py :: deleterr : Invalid configuration, exiting.
2024-11-03 12:29:48 - INFO    :: deleterr.py :: deleterr : Running version rfsbraz/deleterr:0.0.19
2024-11-03 12:29:48 - INFO    :: deleterr.py :: deleterr : Log level set to INFO
2024-11-03 12:29:48 - ERROR   :: config.py :: deleterr : Tautulli configuration not found, check your configuration.
2024-11-03 12:29:48 - ERROR   :: config.py :: deleterr : Invalid configuration, exiting.
2024-11-03 12:30:49 - INFO    :: deleterr.py :: deleterr : Running version rfsbraz/deleterr:0.0.19
2024-11-03 12:30:49 - INFO    :: deleterr.py :: deleterr : Log level set to INFO
2024-11-03 12:30:49 - ERROR   :: config.py :: deleterr : Tautulli configuration not found, check your configuration.
2024-11-03 12:30:49 - ERROR   :: config.py :: deleterr : Invalid configuration, exiting.
2024-11-03 12:31:49 - INFO    :: deleterr.py :: deleterr : Running version rfsbraz/deleterr:0.0.19
2024-11-03 12:31:49 - INFO    :: deleterr.py :: deleterr : Log level set to INFO
2024-11-03 12:31:49 - ERROR   :: config.py :: deleterr : Tautulli configuration not found, check your configuration.
2024-11-03 12:31:49 - ERROR   :: config.py :: deleterr : Invalid configuration, exiting.
2024-11-03 12:32:50 - INFO    :: deleterr.py :: deleterr : Running version rfsbraz/deleterr:0.0.19
2024-11-03 12:32:50 - INFO    :: deleterr.py :: deleterr : Log level set to INFO
2024-11-03 12:32:50 - ERROR   :: config.py :: deleterr : Tautulli configuration not found, check your configuration.
2024-11-03 12:32:50 - ERROR   :: config.py :: deleterr : Invalid configuration, exiting.
2024-11-03 12:33:51 - INFO    :: deleterr.py :: deleterr : Running version rfsbraz/deleterr:0.0.19
2024-11-03 12:33:51 - INFO    :: deleterr.py :: deleterr : Log level set to INFO
2024-11-03 12:33:51 - ERROR   :: config.py :: deleterr : Tautulli configuration not found, check your configuration.
2024-11-03 12:33:51 - ERROR   :: config.py :: deleterr : Invalid configuration, exiting.
2024-11-03 12:34:52 - INFO    :: deleterr.py :: deleterr : Running version rfsbraz/deleterr:0.0.19
2024-11-03 12:34:52 - INFO    :: deleterr.py :: deleterr : Log level set to INFO
2024-11-03 12:34:52 - ERROR   :: config.py :: deleterr : Tautulli configuration not found, check your configuration.
2024-11-03 12:34:52 - ERROR   :: config.py :: deleterr : Invalid configuration, exiting.
2024-11-03 12:35:53 - INFO    :: deleterr.py :: deleterr : Running version rfsbraz/deleterr:0.0.19
2024-11-03 12:35:53 - INFO    :: deleterr.py :: deleterr : Log level set to INFO
2024-11-03 12:35:53 - ERROR   :: config.py :: deleterr : Tautulli configuration not found, check your configuration.
2024-11-03 12:35:53 - ERROR   :: config.py :: deleterr : Invalid configuration, exiting.
2024-11-03 12:36:53 - INFO    :: deleterr.py :: deleterr : Running version rfsbraz/deleterr:0.0.19
2024-11-03 12:36:53 - INFO    :: deleterr.py :: deleterr : Log level set to INFO
2024-11-03 12:36:53 - ERROR   :: config.py :: deleterr : Tautulli configuration not found, check your configuration.
2024-11-03 12:36:53 - ERROR   :: config.py :: deleterr : Invalid configuration, exiting.
2024-11-03 12:37:54 - INFO    :: deleterr.py :: deleterr : Running version rfsbraz/deleterr:0.0.19
2024-11-03 12:37:54 - INFO    :: deleterr.py :: deleterr : Log level set to INFO
2024-11-03 12:37:54 - ERROR   :: config.py :: deleterr : Tautulli configuration not found, check your configuration.
2024-11-03 12:37:54 - ERROR   :: config.py :: deleterr : Invalid configuration, exiting.
2024-11-03 12:38:55 - INFO    :: deleterr.py :: deleterr : Running version rfsbraz/deleterr:0.0.19
2024-11-03 12:38:55 - INFO    :: deleterr.py :: deleterr : Log level set to INFO
2024-11-03 12:38:55 - ERROR   :: config.py :: deleterr : Tautulli configuration not found, check your configuration.
2024-11-03 12:38:55 - ERROR   :: config.py :: deleterr : Invalid configuration, exiting.
2024-11-03 12:39:56 - INFO    :: deleterr.py :: deleterr : Running version rfsbraz/deleterr:0.0.19
2024-11-03 12:39:56 - INFO    :: deleterr.py :: deleterr : Log level set to INFO
2024-11-03 12:39:56 - ERROR   :: config.py :: deleterr : Tautulli configuration not found, check your configuration.
2024-11-03 12:39:56 - ERROR   :: config.py :: deleterr : Invalid configuration, exiting.
2024-11-03 12:40:56 - INFO    :: deleterr.py :: deleterr : Running version rfsbraz/deleterr:0.0.19
2024-11-03 12:40:56 - INFO    :: deleterr.py :: deleterr : Log level set to INFO
2024-11-03 12:40:56 - ERROR   :: config.py :: deleterr : Tautulli configuration not found, check your configuration.
2024-11-03 12:40:56 - ERROR   :: config.py :: deleterr : Invalid configuration, exiting.
2024-11-03 12:41:57 - INFO    :: deleterr.py :: deleterr : Running version rfsbraz/deleterr:0.0.19
2024-11-03 12:41:57 - INFO    :: deleterr.py :: deleterr : Log level set to INFO
2024-11-03 12:41:57 - ERROR   :: config.py :: deleterr : Tautulli configuration not found, check your configuration.
2024-11-03 12:41:57 - ERROR   :: config.py :: deleterr : Invalid configuration, exiting.
2024-11-03 12:42:58 - INFO    :: deleterr.py :: deleterr : Running version rfsbraz/deleterr:0.0.19
2024-11-03 12:42:58 - INFO    :: deleterr.py :: deleterr : Log level set to INFO
2024-11-03 12:42:58 - ERROR   :: config.py :: deleterr : Tautulli configuration not found, check your configuration.
2024-11-03 12:42:58 - ERROR   :: config.py :: deleterr : Invalid configuration, exiting.
2024-11-03 12:43:59 - INFO    :: deleterr.py :: deleterr : Running version rfsbraz/deleterr:0.0.19
2024-11-03 12:43:59 - INFO    :: deleterr.py :: deleterr : Log level set to INFO
2024-11-03 12:43:59 - ERROR   :: config.py :: deleterr : Tautulli configuration not found, check your configuration.
2024-11-03 12:43:59 - ERROR   :: config.py :: deleterr : Invalid configuration, exiting.
2024-11-03 12:45:00 - INFO    :: deleterr.py :: deleterr : Running version rfsbraz/deleterr:0.0.19
2024-11-03 12:45:00 - INFO    :: deleterr.py :: deleterr : Log level set to INFO
2024-11-03 12:45:00 - ERROR   :: config.py :: deleterr : Tautulli configuration not found, check your configuration.
2024-11-03 12:45:00 - ERROR   :: config.py :: deleterr : Invalid configuration, exiting.
2024-11-03 12:46:01 - INFO    :: deleterr.py :: deleterr : Running version rfsbraz/deleterr:0.0.19
2024-11-03 12:46:01 - INFO    :: deleterr.py :: deleterr : Log level set to INFO
2024-11-03 12:46:01 - ERROR   :: config.py :: deleterr : Tautulli configuration not found, check your configuration.
2024-11-03 12:46:01 - ERROR   :: config.py :: deleterr : Invalid configuration, exiting.
2024-11-03 12:47:01 - INFO    :: deleterr.py :: deleterr : Running version rfsbraz/deleterr:0.0.19
2024-11-03 12:47:01 - INFO    :: deleterr.py :: deleterr : Log level set to INFO
2024-11-03 12:47:01 - ERROR   :: config.py :: deleterr : Tautulli configuration not found, check your configuration.
2024-11-03 12:47:01 - ERROR   :: config.py :: deleterr : Invalid configuration, exiting.
2024-11-03 12:48:02 - INFO    :: deleterr.py :: deleterr : Running version rfsbraz/deleterr:0.0.19
2024-11-03 12:48:02 - INFO    :: deleterr.py :: deleterr : Log level set to INFO
2024-11-03 12:48:02 - ERROR   :: config.py :: deleterr : Tautulli configuration not found, check your configuration.
2024-11-03 12:48:02 - ERROR   :: config.py :: deleterr : Invalid configuration, exiting.
2024-11-03 12:49:03 - INFO    :: deleterr.py :: deleterr : Running version rfsbraz/deleterr:0.0.19
2024-11-03 12:49:03 - INFO    :: deleterr.py :: deleterr : Log level set to INFO
2024-11-03 12:49:03 - ERROR   :: config.py :: deleterr : Tautulli configuration not found, check your configuration.
2024-11-03 12:49:03 - ERROR   :: config.py :: deleterr : Invalid configuration, exiting.
2024-11-03 12:50:04 - INFO    :: deleterr.py :: deleterr : Running version rfsbraz/deleterr:0.0.19
2024-11-03 12:50:04 - INFO    :: deleterr.py :: deleterr : Log level set to INFO
2024-11-03 12:50:04 - ERROR   :: config.py :: deleterr : Tautulli configuration not found, check your configuration.
2024-11-03 12:50:04 - ERROR   :: config.py :: deleterr : Invalid configuration, exiting.
2024-11-03 12:51:05 - INFO    :: deleterr.py :: deleterr : Running version rfsbraz/deleterr:0.0.19
2024-11-03 12:51:05 - INFO    :: deleterr.py :: deleterr : Log level set to INFO
2024-11-03 12:51:05 - ERROR   :: config.py :: deleterr : Tautulli configuration not found, check your configuration.
2024-11-03 12:51:05 - ERROR   :: config.py :: deleterr : Invalid configuration, exiting.
2024-11-03 12:52:06 - INFO    :: deleterr.py :: deleterr : Running version rfsbraz/deleterr:0.0.19
2024-11-03 12:52:06 - INFO    :: deleterr.py :: deleterr : Log level set to INFO
2024-11-03 12:52:06 - ERROR   :: config.py :: deleterr : Tautulli configuration not found, check your configuration.
2024-11-03 12:52:06 - ERROR   :: config.py :: deleterr : Invalid configuration, exiting.
2024-11-03 12:53:06 - INFO    :: deleterr.py :: deleterr : Running version rfsbraz/deleterr:0.0.19
2024-11-03 12:53:06 - INFO    :: deleterr.py :: deleterr : Log level set to INFO
2024-11-03 12:53:06 - ERROR   :: config.py :: deleterr : Tautulli configuration not found, check your configuration.
2024-11-03 12:53:06 - ERROR   :: config.py :: deleterr : Invalid configuration, exiting.
2024-11-03 12:54:07 - INFO    :: deleterr.py :: deleterr : Running version rfsbraz/deleterr:0.0.19
2024-11-03 12:54:07 - INFO    :: deleterr.py :: deleterr : Log level set to INFO
2024-11-03 12:54:07 - ERROR   :: config.py :: deleterr : Tautulli configuration not found, check your configuration.
2024-11-03 12:54:07 - ERROR   :: config.py :: deleterr : Invalid configuration, exiting.
2024-11-03 12:55:08 - INFO    :: deleterr.py :: deleterr : Running version rfsbraz/deleterr:0.0.19
2024-11-03 12:55:08 - INFO    :: deleterr.py :: deleterr : Log level set to INFO
2024-11-03 12:55:08 - ERROR   :: config.py :: deleterr : Tautulli configuration not found, check your configuration.
2024-11-03 12:55:08 - ERROR   :: config.py :: deleterr : Invalid configuration, exiting.
2024-11-03 12:56:09 - INFO    :: deleterr.py :: deleterr : Running version rfsbraz/deleterr:0.0.19
2024-11-03 12:56:09 - INFO    :: deleterr.py :: deleterr : Log level set to INFO
2024-11-03 12:56:09 - ERROR   :: config.py :: deleterr : Tautulli configuration not found, check your configuration.
2024-11-03 12:56:09 - ERROR   :: config.py :: deleterr : Invalid configuration, exiting.
2024-11-03 12:57:09 - INFO    :: deleterr.py :: deleterr : Running version rfsbraz/deleterr:0.0.19
2024-11-03 12:57:09 - INFO    :: deleterr.py :: deleterr : Log level set to INFO
2024-11-03 12:57:09 - ERROR   :: config.py :: deleterr : Tautulli configuration not found, check your configuration.
2024-11-03 12:57:09 - ERROR   :: config.py :: deleterr : Invalid configuration, exiting.
2024-11-03 12:58:10 - INFO    :: deleterr.py :: deleterr : Running version rfsbraz/deleterr:0.0.19
2024-11-03 12:58:10 - INFO    :: deleterr.py :: deleterr : Log level set to INFO
2024-11-03 12:58:10 - ERROR   :: config.py :: deleterr : Tautulli configuration not found, check your configuration.
2024-11-03 12:58:10 - ERROR   :: config.py :: deleterr : Invalid configuration, exiting.
2024-11-03 12:59:11 - INFO    :: deleterr.py :: deleterr : Running version rfsbraz/deleterr:0.0.19
2024-11-03 12:59:11 - INFO    :: deleterr.py :: deleterr : Log level set to INFO
2024-11-03 12:59:11 - ERROR   :: config.py :: deleterr : Tautulli configuration not found, check your configuration.
2024-11-03 12:59:11 - ERROR   :: config.py :: deleterr : Invalid configuration, exiting.
2024-11-03 13:00:12 - INFO    :: deleterr.py :: deleterr : Running version rfsbraz/deleterr:0.0.19
2024-11-03 13:00:12 - INFO    :: deleterr.py :: deleterr : Log level set to INFO
2024-11-03 13:00:12 - ERROR   :: config.py :: deleterr : Tautulli configuration not found, check your configuration.
2024-11-03 13:00:12 - ERROR   :: config.py :: deleterr : Invalid configuration, exiting.
2024-11-03 13:01:13 - INFO    :: deleterr.py :: deleterr : Running version rfsbraz/deleterr:0.0.19
2024-11-03 13:01:13 - INFO    :: deleterr.py :: deleterr : Log level set to INFO
2024-11-03 13:01:13 - ERROR   :: config.py :: deleterr : Tautulli configuration not found, check your configuration.
2024-11-03 13:01:13 - ERROR   :: config.py :: deleterr : Invalid configuration, exiting.
2024-11-03 13:02:13 - INFO    :: deleterr.py :: deleterr : Running version rfsbraz/deleterr:0.0.19
2024-11-03 13:02:13 - INFO    :: deleterr.py :: deleterr : Log level set to INFO
2024-11-03 13:02:13 - ERROR   :: config.py :: deleterr : Tautulli configuration not found, check your configuration.
2024-11-03 13:02:13 - ERROR   :: config.py :: deleterr : Invalid configuration, exiting.
2024-11-03 13:03:14 - INFO    :: deleterr.py :: deleterr : Running version rfsbraz/deleterr:0.0.19
2024-11-03 13:03:14 - INFO    :: deleterr.py :: deleterr : Log level set to INFO
2024-11-03 13:03:14 - ERROR   :: config.py :: deleterr : Tautulli configuration not found, check your configuration.
2024-11-03 13:03:14 - ERROR   :: config.py :: deleterr : Invalid configuration, exiting.
2024-11-03 13:04:15 - INFO    :: deleterr.py :: deleterr : Running version rfsbraz/deleterr:0.0.19
2024-11-03 13:04:15 - INFO    :: deleterr.py :: deleterr : Log level set to INFO
2024-11-03 13:04:15 - ERROR   :: config.py :: deleterr : Tautulli configuration not found, check your configuration.
2024-11-03 13:04:15 - ERROR   :: config.py :: deleterr : Invalid configuration, exiting.
2024-11-03 13:05:16 - INFO    :: deleterr.py :: deleterr : Running version rfsbraz/deleterr:0.0.19
2024-11-03 13:05:16 - INFO    :: deleterr.py :: deleterr : Log level set to INFO
2024-11-03 13:05:16 - ERROR   :: config.py :: deleterr : Tautulli configuration not found, check your configuration.
2024-11-03 13:05:16 - ERROR   :: config.py :: deleterr : Invalid configuration, exiting.
2024-11-03 13:06:17 - INFO    :: deleterr.py :: deleterr : Running version rfsbraz/deleterr:0.0.19
2024-11-03 13:06:17 - INFO    :: deleterr.py :: deleterr : Log level set to INFO
2024-11-03 13:06:17 - ERROR   :: config.py :: deleterr : Tautulli configuration not found, check your configuration.
2024-11-03 13:06:17 - ERROR   :: config.py :: deleterr : Invalid configuration, exiting.
2024-11-03 13:07:17 - INFO    :: deleterr.py :: deleterr : Running version rfsbraz/deleterr:0.0.19
2024-11-03 13:07:17 - INFO    :: deleterr.py :: deleterr : Log level set to INFO
2024-11-03 13:07:17 - ERROR   :: config.py :: deleterr : Tautulli configuration not found, check your configuration.
2024-11-03 13:07:17 - ERROR   :: config.py :: deleterr : Invalid configuration, exiting.
2024-11-03 13:08:18 - INFO    :: deleterr.py :: deleterr : Running version rfsbraz/deleterr:0.0.19
2024-11-03 13:08:18 - INFO    :: deleterr.py :: deleterr : Log level set to INFO
2024-11-03 13:08:18 - ERROR   :: config.py :: deleterr : Tautulli configuration not found, check your configuration.
2024-11-03 13:08:18 - ERROR   :: config.py :: deleterr : Invalid configuration, exiting.
2024-11-03 13:09:19 - INFO    :: deleterr.py :: deleterr : Running version rfsbraz/deleterr:0.0.19
2024-11-03 13:09:19 - INFO    :: deleterr.py :: deleterr : Log level set to INFO
2024-11-03 13:09:19 - ERROR   :: config.py :: deleterr : Tautulli configuration not found, check your configuration.
2024-11-03 13:09:19 - ERROR   :: config.py :: deleterr : Invalid configuration, exiting.
2024-11-03 13:10:20 - INFO    :: deleterr.py :: deleterr : Running version rfsbraz/deleterr:0.0.19
2024-11-03 13:10:20 - INFO    :: deleterr.py :: deleterr : Log level set to INFO
2024-11-03 13:10:20 - ERROR   :: config.py :: deleterr : Tautulli configuration not found, check your configuration.
2024-11-03 13:10:20 - ERROR   :: config.py :: deleterr : Invalid configuration, exiting.
2024-11-03 13:11:20 - INFO    :: deleterr.py :: deleterr : Running version rfsbraz/deleterr:0.0.19
2024-11-03 13:11:20 - INFO    :: deleterr.py :: deleterr : Log level set to INFO
2024-11-03 13:11:20 - ERROR   :: config.py :: deleterr : Tautulli configuration not found, check your configuration.
2024-11-03 13:11:20 - ERROR   :: config.py :: deleterr : Invalid configuration, exiting.
2024-11-03 13:12:21 - INFO    :: deleterr.py :: deleterr : Running version rfsbraz/deleterr:0.0.19
2024-11-03 13:12:21 - INFO    :: deleterr.py :: deleterr : Log level set to INFO
2024-11-03 13:12:21 - ERROR   :: config.py :: deleterr : Tautulli configuration not found, check your configuration.
2024-11-03 13:12:21 - ERROR   :: config.py :: deleterr : Invalid configuration, exiting.
2024-11-03 13:13:22 - INFO    :: deleterr.py :: deleterr : Running version rfsbraz/deleterr:0.0.19
2024-11-03 13:13:22 - INFO    :: deleterr.py :: deleterr : Log level set to INFO
2024-11-03 13:13:22 - ERROR   :: config.py :: deleterr : Tautulli configuration not found, check your configuration.
2024-11-03 13:13:22 - ERROR   :: config.py :: deleterr : Invalid configuration, exiting.
2024-11-03 13:14:23 - INFO    :: deleterr.py :: deleterr : Running version rfsbraz/deleterr:0.0.19
2024-11-03 13:14:23 - INFO    :: deleterr.py :: deleterr : Log level set to INFO
2024-11-03 13:14:23 - ERROR   :: config.py :: deleterr : Tautulli configuration not found, check your configuration.
2024-11-03 13:14:23 - ERROR   :: config.py :: deleterr : Invalid configuration, exiting.
2024-11-03 13:15:24 - INFO    :: deleterr.py :: deleterr : Running version rfsbraz/deleterr:0.0.19
2024-11-03 13:15:24 - INFO    :: deleterr.py :: deleterr : Log level set to INFO
2024-11-03 13:15:24 - ERROR   :: config.py :: deleterr : Tautulli configuration not found, check your configuration.
2024-11-03 13:15:24 - ERROR   :: config.py :: deleterr : Invalid configuration, exiting.
2024-11-03 13:16:24 - INFO    :: deleterr.py :: deleterr : Running version rfsbraz/deleterr:0.0.19
2024-11-03 13:16:24 - INFO    :: deleterr.py :: deleterr : Log level set to INFO
2024-11-03 13:16:24 - ERROR   :: config.py :: deleterr : Tautulli configuration not found, check your configuration.
2024-11-03 13:16:24 - ERROR   :: config.py :: deleterr : Invalid configuration, exiting.
2024-11-03 13:17:25 - INFO    :: deleterr.py :: deleterr : Running version rfsbraz/deleterr:0.0.19
2024-11-03 13:17:25 - INFO    :: deleterr.py :: deleterr : Log level set to INFO
2024-11-03 13:17:25 - ERROR   :: config.py :: deleterr : Tautulli configuration not found, check your configuration.
2024-11-03 13:17:25 - ERROR   :: config.py :: deleterr : Invalid configuration, exiting.
2024-11-03 13:18:26 - INFO    :: deleterr.py :: deleterr : Running version rfsbraz/deleterr:0.0.19
2024-11-03 13:18:26 - INFO    :: deleterr.py :: deleterr : Log level set to INFO
2024-11-03 13:18:26 - ERROR   :: config.py :: deleterr : Tautulli configuration not found, check your configuration.
2024-11-03 13:18:26 - ERROR   :: config.py :: deleterr : Invalid configuration, exiting.
2024-11-03 13:19:27 - INFO    :: deleterr.py :: deleterr : Running version rfsbraz/deleterr:0.0.19
2024-11-03 13:19:27 - INFO    :: deleterr.py :: deleterr : Log level set to INFO
2024-11-03 13:19:27 - ERROR   :: config.py :: deleterr : Tautulli configuration not found, check your configuration.
2024-11-03 13:19:27 - ERROR   :: config.py :: deleterr : Invalid configuration, exiting.
2024-11-03 13:20:27 - INFO    :: deleterr.py :: deleterr : Running version rfsbraz/deleterr:0.0.19
2024-11-03 13:20:27 - INFO    :: deleterr.py :: deleterr : Log level set to INFO
2024-11-03 13:20:27 - ERROR   :: config.py :: deleterr : Tautulli configuration not found, check your configuration.
2024-11-03 13:20:27 - ERROR   :: config.py :: deleterr : Invalid configuration, exiting.
2024-11-03 13:21:28 - INFO    :: deleterr.py :: deleterr : Running version rfsbraz/deleterr:0.0.19
2024-11-03 13:21:28 - INFO    :: deleterr.py :: deleterr : Log level set to INFO
2024-11-03 13:21:28 - ERROR   :: config.py :: deleterr : Tautulli configuration not found, check your configuration.
2024-11-03 13:21:28 - ERROR   :: config.py :: deleterr : Invalid configuration, exiting.
2024-11-03 13:22:29 - INFO    :: deleterr.py :: deleterr : Running version rfsbraz/deleterr:0.0.19
2024-11-03 13:22:29 - INFO    :: deleterr.py :: deleterr : Log level set to INFO
2024-11-03 13:22:29 - ERROR   :: config.py :: deleterr : Tautulli configuration not found, check your configuration.
2024-11-03 13:22:29 - ERROR   :: config.py :: deleterr : Invalid configuration, exiting.
2024-11-03 13:23:30 - INFO    :: deleterr.py :: deleterr : Running version rfsbraz/deleterr:0.0.19
2024-11-03 13:23:30 - INFO    :: deleterr.py :: deleterr : Log level set to INFO
2024-11-03 13:23:30 - ERROR   :: config.py :: deleterr : Tautulli configuration not found, check your configuration.
2024-11-03 13:23:30 - ERROR   :: config.py :: deleterr : Invalid configuration, exiting.
2024-11-03 13:24:30 - INFO    :: deleterr.py :: deleterr : Running version rfsbraz/deleterr:0.0.19
2024-11-03 13:24:30 - INFO    :: deleterr.py :: deleterr : Log level set to INFO
2024-11-03 13:24:30 - ERROR   :: config.py :: deleterr : Tautulli configuration not found, check your configuration.
2024-11-03 13:24:30 - ERROR   :: config.py :: deleterr : Invalid configuration, exiting.
2024-11-03 13:25:31 - INFO    :: deleterr.py :: deleterr : Running version rfsbraz/deleterr:0.0.19
2024-11-03 13:25:31 - INFO    :: deleterr.py :: deleterr : Log level set to INFO
2024-11-03 13:25:31 - ERROR   :: config.py :: deleterr : Tautulli configuration not found, check your configuration.
2024-11-03 13:25:31 - ERROR   :: config.py :: deleterr : Invalid configuration, exiting.
