<SessionReport version="2" startTime="0" startTimestamp="Nov 03, 2024 12:26:42.771" key="/library/metadata/9" session="0wokw0spyl8ocox7826xuc9i" transcode="fr4z42a1sfmmhefrsr5mab35">
<User id="1" thumb="https://plex.tv/users/80cf29d59098fc92/avatar?c=1730636206" title="th8400" />
<Player address="172.18.0.1" device="OSX" machineIdentifier="8j0wskgjhx92sm8pzabz9nrd" model="bundled" platform="Chrome" platformVersion="130.0" product="Plex Web" remotePublicAddress="86.120.223.157" title="Chrome" version="4.138.0" local="1" relayed="0" secure="0" userID="1" />
<Variants>
<Variant id="59b8d361-d7f5-44d8-8ded-d10ccfb25f57" targetBitrate="10000000" context="streaming" sourceVideoCodec="h264" sourceAudioCodec="aac" videoDecision="copy" audioDecision="copy" protocol="dash" container="mp4" videoCodec="h264" audioCodec="aac" audioChannels="2" transcodeHwRequested="0" transcodeHwFullPipeline="0">
<Media audioProfile="lc" id="23" videoProfile="high" audioChannels="2" audioCodec="aac" bitrate="1121" container="mp4" duration="5965643" height="532" optimizedForStreaming="1" protocol="dash" videoCodec="h264" videoFrameRate="24p" videoResolution="720p" width="1280" selected="1">
<Part audioProfile="lc" id="23" videoProfile="high" bitrate="1121" container="mp4" duration="5965643" height="532" optimizedForStreaming="1" protocol="dash" width="1280" decision="transcode" selected="1">
<Stream anamorphic="0" bitDepth="8" bitrate="1121" chromaLocation="topleft" chromaSubsampling="4:2:0" codec="h264" codedHeight="544" codedWidth="1280" colorPrimaries="bt709" colorRange="tv" colorSpace="bt709" colorTrc="bt709" default="1" displayTitle="720p" extendedDisplayTitle="GalaxyRG - A.Quiet.Place.Day.One.2024.720p.WEBRip.800MB.x264-GalaxyRG (720p H.264)" frameRate="23.975999832153320" hasScalingMatrix="0" height="532" id="47" language="English" languageCode="eng" languageTag="en" level="31" pixelAspectRatio="127281:127360" profile="high" refFrames="4" scanType="progressive" streamType="1" title="GalaxyRG - A.Quiet.Place.Day.One.2024.720p.WEBRip.800MB.x264-GalaxyRG" width="1280" decision="copy" location="segments-video" />
<Stream bitrateMode="cbr" channels="2" codec="aac" default="1" displayTitle="English (AAC Stereo)" extendedDisplayTitle="GalaxyRG - A.Quiet.Place.Day.One.2024.720p.WEBRip.800MB.x264-GalaxyRG (English AAC Stereo)" id="48" language="English" languageCode="eng" languageTag="en" profile="lc" samplingRate="48000" selected="1" streamType="2" title="GalaxyRG - A.Quiet.Place.Day.One.2024.720p.WEBRip.800MB.x264-GalaxyRG" decision="copy" location="segments-audio" />
</Part>
</Media>
</Variant>
</Variants>
<SegmentList>
<Segment duration="6965" startOffset="43" endOffset="7008">
<File name="chunk-stream0-00001.m4s" type="video">
<FileVariant size="962842" variant="59b8d361-d7f5-44d8-8ded-d10ccfb25f57" />
</File>
<File name="chunk-stream1-00001.m4s" type="audio">
<FileVariant size="86333" variant="59b8d361-d7f5-44d8-8ded-d10ccfb25f57" />
</File>
<Timelines>
<Transcode startTime="23" endTime="34" complete="1" fileType="video" variant="59b8d361-d7f5-44d8-8ded-d10ccfb25f57" />
<Transcode startTime="23" endTime="34" complete="1" fileType="audio" variant="59b8d361-d7f5-44d8-8ded-d10ccfb25f57" />
</Timelines>
</Segment>
<Segment duration="10427" startOffset="7008" endOffset="17435">
<File name="chunk-stream0-00002.m4s" type="video">
<FileVariant size="2797996" variant="59b8d361-d7f5-44d8-8ded-d10ccfb25f57" />
</File>
<File name="chunk-stream1-00002.m4s" type="audio">
<FileVariant size="129424" variant="59b8d361-d7f5-44d8-8ded-d10ccfb25f57" />
</File>
<Timelines>
<Transcode startTime="34" endTime="46" complete="1" fileType="video" variant="59b8d361-d7f5-44d8-8ded-d10ccfb25f57" />
<Transcode startTime="34" endTime="47" complete="1" fileType="audio" variant="59b8d361-d7f5-44d8-8ded-d10ccfb25f57" />
</Timelines>
</Segment>
<Segment duration="5881" startOffset="17435" endOffset="23316">
<File name="chunk-stream0-00003.m4s" type="video">
<FileVariant size="544195" variant="59b8d361-d7f5-44d8-8ded-d10ccfb25f57" />
</File>
<File name="chunk-stream1-00003.m4s" type="audio">
<FileVariant size="73190" variant="59b8d361-d7f5-44d8-8ded-d10ccfb25f57" />
</File>
<Timelines>
<Transcode startTime="46" endTime="51" complete="1" fileType="video" variant="59b8d361-d7f5-44d8-8ded-d10ccfb25f57" />
<Transcode startTime="47" endTime="52" complete="1" fileType="audio" variant="59b8d361-d7f5-44d8-8ded-d10ccfb25f57" />
</Timelines>
</Segment>
<Segment duration="10426" startOffset="23316" endOffset="33742">
<File name="chunk-stream0-00004.m4s" type="video">
<FileVariant size="1563743" variant="59b8d361-d7f5-44d8-8ded-d10ccfb25f57" />
</File>
<File name="chunk-stream1-00004.m4s" type="audio">
<FileVariant size="129125" variant="59b8d361-d7f5-44d8-8ded-d10ccfb25f57" />
</File>
<Timelines>
<Transcode startTime="51" endTime="63" complete="1" fileType="video" variant="59b8d361-d7f5-44d8-8ded-d10ccfb25f57" />
<Transcode startTime="52" endTime="64" complete="1" fileType="audio" variant="59b8d361-d7f5-44d8-8ded-d10ccfb25f57" />
</Timelines>
</Segment>
<Segment duration="1542" startOffset="33742" endOffset="35285">
<File name="chunk-stream0-00005.m4s" type="video">
<FileVariant size="41215" variant="59b8d361-d7f5-44d8-8ded-d10ccfb25f57" />
</File>
<File name="chunk-stream1-00005.m4s" type="audio">
<FileVariant size="19377" variant="59b8d361-d7f5-44d8-8ded-d10ccfb25f57" />
</File>
<Timelines>
<Transcode startTime="63" endTime="67" complete="1" fileType="video" variant="59b8d361-d7f5-44d8-8ded-d10ccfb25f57" />
<Transcode startTime="64" endTime="68" complete="1" fileType="audio" variant="59b8d361-d7f5-44d8-8ded-d10ccfb25f57" />
</Timelines>
</Segment>
<Segment duration="0" startOffset="-1" endOffset="-1">
<Timelines>
<Download startTime="75" fileType="audio" variant="59b8d361-d7f5-44d8-8ded-d10ccfb25f57" />
</Timelines>
</Segment>
</SegmentList>
<PlaybackReports />
<StateReports />
<StateReports />
</SessionReport>
