<SessionReport version="2" startTime="0" startTimestamp="Nov 03, 2024 12:26:42.771" key="/library/metadata/9" session="0wokw0spyl8ocox7826xuc9i" transcode="fr4z42a1sfmmhefrsr5mab35">
<User id="1" thumb="https://plex.tv/users/80cf29d59098fc92/avatar?c=1730636206" title="th8400" />
<Player address="172.18.0.1" device="OSX" machineIdentifier="8j0wskgjhx92sm8pzabz9nrd" model="bundled" platform="Chrome" platformVersion="130.0" product="Plex Web" remotePublicAddress="86.120.223.157" title="Chrome" version="4.138.0" local="1" relayed="0" secure="0" userID="1" />
<Variants>
<Variant id="59b8d361-d7f5-44d8-8ded-d10ccfb25f57" targetBitrate="10000000" context="streaming" sourceVideoCodec="h264" sourceAudioCodec="aac" videoDecision="copy" audioDecision="copy" protocol="dash" container="mp4" videoCodec="h264" audioCodec="aac" audioChannels="2" transcodeHwRequested="0" transcodeHwFullPipeline="0">
<Media audioProfile="lc" id="23" videoProfile="high" audioChannels="2" audioCodec="aac" bitrate="1121" container="mp4" duration="5965643" height="532" optimizedForStreaming="1" protocol="dash" videoCodec="h264" videoFrameRate="24p" videoResolution="720p" width="1280" selected="1">
<Part audioProfile="lc" id="23" videoProfile="high" bitrate="1121" container="mp4" duration="5965643" height="532" optimizedForStreaming="1" protocol="dash" width="1280" decision="transcode" selected="1">
<Stream anamorphic="0" bitDepth="8" bitrate="1121" chromaLocation="topleft" chromaSubsampling="4:2:0" codec="h264" codedHeight="544" codedWidth="1280" colorPrimaries="bt709" colorRange="tv" colorSpace="bt709" colorTrc="bt709" default="1" displayTitle="720p" extendedDisplayTitle="GalaxyRG - A.Quiet.Place.Day.One.2024.720p.WEBRip.800MB.x264-GalaxyRG (720p H.264)" frameRate="23.975999832153320" hasScalingMatrix="0" height="532" id="47" language="English" languageCode="eng" languageTag="en" level="31" pixelAspectRatio="127281:127360" profile="high" refFrames="4" scanType="progressive" streamType="1" title="GalaxyRG - A.Quiet.Place.Day.One.2024.720p.WEBRip.800MB.x264-GalaxyRG" width="1280" decision="copy" location="segments-video" />
<Stream bitrateMode="cbr" channels="2" codec="aac" default="1" displayTitle="English (AAC Stereo)" extendedDisplayTitle="GalaxyRG - A.Quiet.Place.Day.One.2024.720p.WEBRip.800MB.x264-GalaxyRG (English AAC Stereo)" id="48" language="English" languageCode="eng" languageTag="en" profile="lc" samplingRate="48000" selected="1" streamType="2" title="GalaxyRG - A.Quiet.Place.Day.One.2024.720p.WEBRip.800MB.x264-GalaxyRG" decision="copy" location="segments-audio" />
</Part>
</Media>
</Variant>
<Variant id="5c99dec5-a4f6-4389-8edc-8eb3da9013a3" targetBitrate="10000000" context="streaming" sourceVideoCodec="h264" sourceAudioCodec="aac" videoDecision="copy" audioDecision="copy" protocol="dash" container="mp4" videoCodec="h264" audioCodec="aac" audioChannels="2" width="1279" height="532" transcodeHwRequested="0" transcodeHwFullPipeline="0">
<Media audioProfile="lc" id="23" videoProfile="high" audioChannels="2" audioCodec="aac" bitrate="1121" container="mp4" duration="5965643" height="532" optimizedForStreaming="1" protocol="dash" videoCodec="h264" videoFrameRate="24p" videoResolution="720p" width="1280" selected="1">
<Part audioProfile="lc" id="23" videoProfile="high" bitrate="1121" container="mp4" duration="5965643" height="532" optimizedForStreaming="1" protocol="dash" width="1280" decision="transcode" selected="1">
<Stream anamorphic="0" bitDepth="8" bitrate="1121" chromaLocation="topleft" chromaSubsampling="4:2:0" codec="h264" codedHeight="544" codedWidth="1280" colorPrimaries="bt709" colorRange="tv" colorSpace="bt709" colorTrc="bt709" default="1" displayTitle="720p" extendedDisplayTitle="GalaxyRG - A.Quiet.Place.Day.One.2024.720p.WEBRip.800MB.x264-GalaxyRG (720p H.264)" frameRate="23.975999832153320" hasScalingMatrix="0" height="532" id="47" language="English" languageCode="eng" languageTag="en" level="31" pixelAspectRatio="127281:127360" profile="high" refFrames="4" scanType="progressive" streamType="1" title="GalaxyRG - A.Quiet.Place.Day.One.2024.720p.WEBRip.800MB.x264-GalaxyRG" width="1280" decision="copy" location="segments-video" />
<Stream bitrateMode="cbr" channels="2" codec="aac" default="1" displayTitle="English (AAC Stereo)" extendedDisplayTitle="GalaxyRG - A.Quiet.Place.Day.One.2024.720p.WEBRip.800MB.x264-GalaxyRG (English AAC Stereo)" id="48" language="English" languageCode="eng" languageTag="en" profile="lc" samplingRate="48000" selected="1" streamType="2" title="GalaxyRG - A.Quiet.Place.Day.One.2024.720p.WEBRip.800MB.x264-GalaxyRG" decision="copy" location="segments-audio" />
</Part>
</Media>
</Variant>
</Variants>
<SegmentList>
<Segment duration="6965" startOffset="43" endOffset="7008">
<File name="chunk-stream0-00001.m4s" type="video">
<FileVariant size="962842" variant="59b8d361-d7f5-44d8-8ded-d10ccfb25f57" />
</File>
<File name="chunk-stream1-00001.m4s" type="audio">
<FileVariant size="86333" variant="59b8d361-d7f5-44d8-8ded-d10ccfb25f57" />
</File>
<Timelines>
<Transcode startTime="23" endTime="34" complete="1" fileType="video" variant="59b8d361-d7f5-44d8-8ded-d10ccfb25f57" />
<Transcode startTime="23" endTime="34" complete="1" fileType="audio" variant="59b8d361-d7f5-44d8-8ded-d10ccfb25f57" />
</Timelines>
</Segment>
<Segment duration="10427" startOffset="7008" endOffset="17435">
<File name="chunk-stream0-00002.m4s" type="video">
<FileVariant size="2797996" variant="59b8d361-d7f5-44d8-8ded-d10ccfb25f57" />
</File>
<File name="chunk-stream1-00002.m4s" type="audio">
<FileVariant size="129424" variant="59b8d361-d7f5-44d8-8ded-d10ccfb25f57" />
</File>
<Timelines>
<Transcode startTime="34" endTime="46" complete="1" fileType="video" variant="59b8d361-d7f5-44d8-8ded-d10ccfb25f57" />
<Transcode startTime="34" endTime="47" complete="1" fileType="audio" variant="59b8d361-d7f5-44d8-8ded-d10ccfb25f57" />
</Timelines>
</Segment>
<Segment duration="5881" startOffset="17435" endOffset="23316">
<File name="chunk-stream0-00003.m4s" type="video">
<FileVariant size="544195" variant="59b8d361-d7f5-44d8-8ded-d10ccfb25f57" />
</File>
<File name="chunk-stream1-00003.m4s" type="audio">
<FileVariant size="73190" variant="59b8d361-d7f5-44d8-8ded-d10ccfb25f57" />
</File>
<Timelines>
<Transcode startTime="46" endTime="51" complete="1" fileType="video" variant="59b8d361-d7f5-44d8-8ded-d10ccfb25f57" />
<Transcode startTime="47" endTime="52" complete="1" fileType="audio" variant="59b8d361-d7f5-44d8-8ded-d10ccfb25f57" />
</Timelines>
</Segment>
<Segment duration="10426" startOffset="23316" endOffset="33742">
<File name="chunk-stream0-00004.m4s" type="video">
<FileVariant size="1563743" variant="59b8d361-d7f5-44d8-8ded-d10ccfb25f57" />
</File>
<File name="chunk-stream1-00004.m4s" type="audio">
<FileVariant size="129125" variant="59b8d361-d7f5-44d8-8ded-d10ccfb25f57" />
</File>
<Timelines>
<Transcode startTime="51" endTime="63" complete="1" fileType="video" variant="59b8d361-d7f5-44d8-8ded-d10ccfb25f57" />
<Transcode startTime="52" endTime="64" complete="1" fileType="audio" variant="59b8d361-d7f5-44d8-8ded-d10ccfb25f57" />
</Timelines>
</Segment>
<Segment duration="1542" startOffset="33742" endOffset="35285">
<File name="chunk-stream0-00005.m4s" type="video">
<FileVariant size="41215" variant="59b8d361-d7f5-44d8-8ded-d10ccfb25f57" />
</File>
<File name="chunk-stream1-00005.m4s" type="audio">
<FileVariant size="19377" variant="59b8d361-d7f5-44d8-8ded-d10ccfb25f57" />
</File>
<Timelines>
<Transcode startTime="63" endTime="67" complete="1" fileType="video" variant="59b8d361-d7f5-44d8-8ded-d10ccfb25f57" />
<Transcode startTime="64" endTime="68" complete="1" fileType="audio" variant="59b8d361-d7f5-44d8-8ded-d10ccfb25f57" />
</Timelines>
</Segment>
<Segment duration="5588" startOffset="5059764" endOffset="5065353">
<File name="chunk-stream0-01013.m4s" type="video">
<FileVariant size="1226538" variant="5c99dec5-a4f6-4389-8edc-8eb3da9013a3" />
</File>
<File name="chunk-stream1-01013.m4s" type="audio">
<FileVariant size="69359" variant="5c99dec5-a4f6-4389-8edc-8eb3da9013a3" />
</File>
<Timelines>
<Download startTime="75" endTime="178" complete="1" fileType="audio" variant="59b8d361-d7f5-44d8-8ded-d10ccfb25f57">
<Pause type="segmentWait" startTime="75" endTime="175" />
</Download>
<Download startTime="91" endTime="209" complete="1" fileType="video" variant="5c99dec5-a4f6-4389-8edc-8eb3da9013a3">
<Pause type="segmentWait" startTime="91" endTime="191" />
</Download>
<Transcode startTime="91" endTime="122" complete="1" fileType="video" variant="5c99dec5-a4f6-4389-8edc-8eb3da9013a3" />
<Transcode startTime="91" endTime="122" complete="1" fileType="audio" variant="5c99dec5-a4f6-4389-8edc-8eb3da9013a3" />
</Timelines>
</Segment>
<Segment duration="4587" startOffset="5065353" endOffset="5069940">
<File name="chunk-stream0-01014.m4s" type="video">
<FileVariant size="1073971" variant="5c99dec5-a4f6-4389-8edc-8eb3da9013a3" />
</File>
<File name="chunk-stream1-01014.m4s" type="audio">
<FileVariant size="56934" variant="5c99dec5-a4f6-4389-8edc-8eb3da9013a3" />
</File>
<Timelines>
<Transcode startTime="122" endTime="129" complete="1" fileType="video" variant="5c99dec5-a4f6-4389-8edc-8eb3da9013a3" />
<Transcode startTime="122" endTime="129" complete="1" fileType="audio" variant="5c99dec5-a4f6-4389-8edc-8eb3da9013a3" />
<Download startTime="189" endTime="193" complete="1" fileType="audio" variant="5c99dec5-a4f6-4389-8edc-8eb3da9013a3" />
<Download startTime="227" endTime="230" complete="1" fileType="video" variant="5c99dec5-a4f6-4389-8edc-8eb3da9013a3" />
</Timelines>
</Segment>
<Segment duration="6423" startOffset="5069940" endOffset="5076364">
<File name="chunk-stream0-01015.m4s" type="video">
<FileVariant size="2679496" variant="5c99dec5-a4f6-4389-8edc-8eb3da9013a3" />
</File>
<File name="chunk-stream1-01015.m4s" type="audio">
<FileVariant size="79677" variant="5c99dec5-a4f6-4389-8edc-8eb3da9013a3" />
</File>
<Timelines>
<Transcode startTime="129" endTime="142" complete="1" fileType="video" variant="5c99dec5-a4f6-4389-8edc-8eb3da9013a3" />
<Transcode startTime="129" endTime="142" complete="1" fileType="audio" variant="5c99dec5-a4f6-4389-8edc-8eb3da9013a3" />
<Download startTime="199" endTime="209" complete="1" fileType="audio" variant="5c99dec5-a4f6-4389-8edc-8eb3da9013a3" />
<Download startTime="244" endTime="257" complete="1" fileType="video" variant="5c99dec5-a4f6-4389-8edc-8eb3da9013a3" />
</Timelines>
</Segment>
<Segment duration="3752" startOffset="5076364" endOffset="5080117">
<File name="chunk-stream0-01016.m4s" type="video">
<FileVariant size="1051907" variant="5c99dec5-a4f6-4389-8edc-8eb3da9013a3" />
</File>
<File name="chunk-stream1-01016.m4s" type="audio">
<FileVariant size="46621" variant="5c99dec5-a4f6-4389-8edc-8eb3da9013a3" />
</File>
<Timelines>
<Transcode startTime="142" endTime="148" complete="1" fileType="video" variant="5c99dec5-a4f6-4389-8edc-8eb3da9013a3" />
<Transcode startTime="142" endTime="148" complete="1" fileType="audio" variant="5c99dec5-a4f6-4389-8edc-8eb3da9013a3" />
<Download startTime="311" endTime="314" complete="1" fileType="video" variant="5c99dec5-a4f6-4389-8edc-8eb3da9013a3" />
</Timelines>
</Segment>
<Segment duration="6673" startOffset="5080117" endOffset="5086791">
<File name="chunk-stream0-01017.m4s" type="video">
<FileVariant size="1710327" variant="5c99dec5-a4f6-4389-8edc-8eb3da9013a3" />
</File>
<File name="chunk-stream1-01017.m4s" type="audio">
<FileVariant size="82582" variant="5c99dec5-a4f6-4389-8edc-8eb3da9013a3" />
</File>
<Timelines>
<Transcode startTime="148" endTime="162" complete="1" fileType="video" variant="5c99dec5-a4f6-4389-8edc-8eb3da9013a3" />
<Transcode startTime="148" endTime="162" complete="1" fileType="audio" variant="5c99dec5-a4f6-4389-8edc-8eb3da9013a3" />
<Download startTime="326" endTime="330" complete="1" fileType="video" variant="5c99dec5-a4f6-4389-8edc-8eb3da9013a3" />
</Timelines>
</Segment>
<Segment duration="4796" startOffset="5086791" endOffset="5091587">
<File name="chunk-stream0-01018.m4s" type="video">
<FileVariant size="1575927" variant="5c99dec5-a4f6-4389-8edc-8eb3da9013a3" />
</File>
<File name="chunk-stream1-01018.m4s" type="audio">
<FileVariant size="59837" variant="5c99dec5-a4f6-4389-8edc-8eb3da9013a3" />
</File>
<Timelines>
<Transcode startTime="162" endTime="170" complete="1" fileType="video" variant="5c99dec5-a4f6-4389-8edc-8eb3da9013a3" />
<Transcode startTime="162" endTime="171" complete="1" fileType="audio" variant="5c99dec5-a4f6-4389-8edc-8eb3da9013a3" />
</Timelines>
</Segment>
<Segment duration="3962" startOffset="5091587" endOffset="5095549">
<File name="chunk-stream0-01019.m4s" type="video">
<FileVariant size="1735186" variant="5c99dec5-a4f6-4389-8edc-8eb3da9013a3" />
</File>
<File name="chunk-stream1-01019.m4s" type="audio">
<FileVariant size="48958" variant="5c99dec5-a4f6-4389-8edc-8eb3da9013a3" />
</File>
<Timelines>
<Transcode startTime="170" endTime="188" complete="1" fileType="video" variant="5c99dec5-a4f6-4389-8edc-8eb3da9013a3" />
<Transcode startTime="171" endTime="189" complete="1" fileType="audio" variant="5c99dec5-a4f6-4389-8edc-8eb3da9013a3" />
</Timelines>
</Segment>
<Segment duration="5005" startOffset="5095549" endOffset="5100554">
<File name="chunk-stream0-01020.m4s" type="video">
<FileVariant size="1265625" variant="5c99dec5-a4f6-4389-8edc-8eb3da9013a3" />
</File>
<File name="chunk-stream1-01020.m4s" type="audio">
<FileVariant size="62137" variant="5c99dec5-a4f6-4389-8edc-8eb3da9013a3" />
</File>
<Timelines>
<Transcode startTime="188" endTime="217" complete="1" fileType="video" variant="5c99dec5-a4f6-4389-8edc-8eb3da9013a3" />
<Transcode startTime="189" endTime="217" complete="1" fileType="audio" variant="5c99dec5-a4f6-4389-8edc-8eb3da9013a3" />
</Timelines>
</Segment>
<Segment duration="4796" startOffset="5100554" endOffset="5105351">
<File name="chunk-stream0-01021.m4s" type="video">
<FileVariant size="1425134" variant="5c99dec5-a4f6-4389-8edc-8eb3da9013a3" />
</File>
<File name="chunk-stream1-01021.m4s" type="audio">
<FileVariant size="59722" variant="5c99dec5-a4f6-4389-8edc-8eb3da9013a3" />
</File>
<Timelines>
<Transcode startTime="217" endTime="225" complete="1" fileType="video" variant="5c99dec5-a4f6-4389-8edc-8eb3da9013a3" />
<Transcode startTime="217" endTime="225" complete="1" fileType="audio" variant="5c99dec5-a4f6-4389-8edc-8eb3da9013a3" />
</Timelines>
</Segment>
<Segment duration="5380" startOffset="5105351" endOffset="5110731">
<File name="chunk-stream0-01022.m4s" type="video">
<FileVariant size="1570563" variant="5c99dec5-a4f6-4389-8edc-8eb3da9013a3" />
</File>
<File name="chunk-stream1-01022.m4s" type="audio">
<FileVariant size="66616" variant="5c99dec5-a4f6-4389-8edc-8eb3da9013a3" />
</File>
<Timelines>
<Transcode startTime="225" endTime="241" complete="1" fileType="video" variant="5c99dec5-a4f6-4389-8edc-8eb3da9013a3" />
<Transcode startTime="225" endTime="241" complete="1" fileType="audio" variant="5c99dec5-a4f6-4389-8edc-8eb3da9013a3" />
</Timelines>
</Segment>
<Segment duration="5838" startOffset="5110731" endOffset="5116570">
<File name="chunk-stream0-01023.m4s" type="video">
<FileVariant size="1882388" variant="5c99dec5-a4f6-4389-8edc-8eb3da9013a3" />
</File>
<File name="chunk-stream1-01023.m4s" type="audio">
<FileVariant size="72624" variant="5c99dec5-a4f6-4389-8edc-8eb3da9013a3" />
</File>
<Timelines>
<Transcode startTime="241" endTime="265" complete="1" fileType="video" variant="5c99dec5-a4f6-4389-8edc-8eb3da9013a3" />
<Transcode startTime="241" endTime="265" complete="1" fileType="audio" variant="5c99dec5-a4f6-4389-8edc-8eb3da9013a3" />
</Timelines>
</Segment>
<Segment duration="6172" startOffset="5116570" endOffset="5122742">
<File name="chunk-stream0-01024.m4s" type="video">
<FileVariant size="2599588" variant="5c99dec5-a4f6-4389-8edc-8eb3da9013a3" />
</File>
<File name="chunk-stream1-01024.m4s" type="audio">
<FileVariant size="76465" variant="5c99dec5-a4f6-4389-8edc-8eb3da9013a3" />
</File>
<Timelines>
<Transcode startTime="265" endTime="303" complete="1" fileType="video" variant="5c99dec5-a4f6-4389-8edc-8eb3da9013a3" />
<Transcode startTime="265" endTime="304" complete="1" fileType="audio" variant="5c99dec5-a4f6-4389-8edc-8eb3da9013a3" />
</Timelines>
</Segment>
<Segment duration="3753" startOffset="5122742" endOffset="5126496">
<File name="chunk-stream0-01025.m4s" type="video">
<FileVariant size="944113" variant="5c99dec5-a4f6-4389-8edc-8eb3da9013a3" />
</File>
<File name="chunk-stream1-01025.m4s" type="audio">
<FileVariant size="46649" variant="5c99dec5-a4f6-4389-8edc-8eb3da9013a3" />
</File>
<Timelines>
<Transcode startTime="303" endTime="311" complete="1" fileType="video" variant="5c99dec5-a4f6-4389-8edc-8eb3da9013a3" />
<Transcode startTime="304" endTime="311" complete="1" fileType="audio" variant="5c99dec5-a4f6-4389-8edc-8eb3da9013a3" />
</Timelines>
</Segment>
<Segment duration="5338" startOffset="5126496" endOffset="5131835">
<File name="chunk-stream0-01026.m4s" type="video">
<FileVariant size="708849" variant="5c99dec5-a4f6-4389-8edc-8eb3da9013a3" />
</File>
<File name="chunk-stream1-01026.m4s" type="audio">
<FileVariant size="66147" variant="5c99dec5-a4f6-4389-8edc-8eb3da9013a3" />
</File>
<Timelines>
<Transcode startTime="311" endTime="318" complete="1" fileType="video" variant="5c99dec5-a4f6-4389-8edc-8eb3da9013a3" />
<Transcode startTime="311" endTime="319" complete="1" fileType="audio" variant="5c99dec5-a4f6-4389-8edc-8eb3da9013a3" />
</Timelines>
</Segment>
<Segment duration="3002" startOffset="5131835" endOffset="5134838">
<File name="chunk-stream0-01027.m4s" type="video">
<FileVariant size="817164" variant="5c99dec5-a4f6-4389-8edc-8eb3da9013a3" />
</File>
<File name="chunk-stream1-01027.m4s" type="audio">
<FileVariant size="37423" variant="5c99dec5-a4f6-4389-8edc-8eb3da9013a3" />
</File>
<Timelines>
<Transcode startTime="318" endTime="326" complete="1" fileType="video" variant="5c99dec5-a4f6-4389-8edc-8eb3da9013a3" />
<Transcode startTime="319" endTime="326" complete="1" fileType="audio" variant="5c99dec5-a4f6-4389-8edc-8eb3da9013a3" />
</Timelines>
</Segment>
<Segment duration="10385" startOffset="5134838" endOffset="5145223">
<File name="chunk-stream0-01028.m4s" type="video">
<FileVariant size="2699833" variant="5c99dec5-a4f6-4389-8edc-8eb3da9013a3" />
</File>
<File name="chunk-stream1-01028.m4s" type="audio">
<FileVariant size="128683" variant="5c99dec5-a4f6-4389-8edc-8eb3da9013a3" />
</File>
<Timelines>
<Transcode startTime="326" endTime="343" complete="1" fileType="video" variant="5c99dec5-a4f6-4389-8edc-8eb3da9013a3" />
<Transcode startTime="326" endTime="344" complete="1" fileType="audio" variant="5c99dec5-a4f6-4389-8edc-8eb3da9013a3" />
</Timelines>
</Segment>
<Segment duration="6340" startOffset="5145224" endOffset="5151564">
<File name="chunk-stream0-01029.m4s" type="video">
<FileVariant size="2748434" variant="5c99dec5-a4f6-4389-8edc-8eb3da9013a3" />
</File>
<File name="chunk-stream1-01029.m4s" type="audio">
<FileVariant size="78698" variant="5c99dec5-a4f6-4389-8edc-8eb3da9013a3" />
</File>
<Timelines>
<Transcode startTime="343" endTime="353" complete="1" fileType="video" variant="5c99dec5-a4f6-4389-8edc-8eb3da9013a3" />
<Transcode startTime="344" endTime="353" complete="1" fileType="audio" variant="5c99dec5-a4f6-4389-8edc-8eb3da9013a3" />
</Timelines>
</Segment>
<Segment duration="6338" startOffset="5151564" endOffset="5157903">
<File name="chunk-stream0-01030.m4s" type="video">
<FileVariant size="813993" variant="5c99dec5-a4f6-4389-8edc-8eb3da9013a3" />
</File>
<File name="chunk-stream1-01030.m4s" type="audio">
<FileVariant size="78386" variant="5c99dec5-a4f6-4389-8edc-8eb3da9013a3" />
</File>
<Timelines>
<Transcode startTime="353" endTime="358" complete="1" fileType="video" variant="5c99dec5-a4f6-4389-8edc-8eb3da9013a3" />
<Transcode startTime="353" endTime="359" complete="1" fileType="audio" variant="5c99dec5-a4f6-4389-8edc-8eb3da9013a3" />
</Timelines>
</Segment>
<Segment duration="1668" startOffset="5157903" endOffset="5159572">
<File name="chunk-stream0-01031.m4s" type="video">
<FileVariant size="533469" variant="5c99dec5-a4f6-4389-8edc-8eb3da9013a3" />
</File>
<File name="chunk-stream1-01031.m4s" type="audio">
<FileVariant size="21083" variant="5c99dec5-a4f6-4389-8edc-8eb3da9013a3" />
</File>
<Timelines>
<Transcode startTime="358" endTime="362" complete="1" fileType="video" variant="5c99dec5-a4f6-4389-8edc-8eb3da9013a3" />
<Transcode startTime="359" endTime="362" complete="1" fileType="audio" variant="5c99dec5-a4f6-4389-8edc-8eb3da9013a3" />
</Timelines>
</Segment>
<Segment duration="1292" startOffset="5159572" endOffset="5160865">
<File name="chunk-stream0-01032.m4s" type="video">
<FileVariant size="359541" variant="5c99dec5-a4f6-4389-8edc-8eb3da9013a3" />
</File>
<File name="chunk-stream1-01032.m4s" type="audio">
<FileVariant size="15938" variant="5c99dec5-a4f6-4389-8edc-8eb3da9013a3" />
</File>
<Timelines>
<Transcode startTime="362" endTime="364" complete="1" fileType="video" variant="5c99dec5-a4f6-4389-8edc-8eb3da9013a3" />
<Transcode startTime="362" endTime="365" complete="1" fileType="audio" variant="5c99dec5-a4f6-4389-8edc-8eb3da9013a3" />
</Timelines>
</Segment>
<Segment duration="4253" startOffset="5160865" endOffset="5165119">
<File name="chunk-stream0-01033.m4s" type="video">
<FileVariant size="945826" variant="5c99dec5-a4f6-4389-8edc-8eb3da9013a3" />
</File>
<File name="chunk-stream1-01033.m4s" type="audio">
<FileVariant size="52961" variant="5c99dec5-a4f6-4389-8edc-8eb3da9013a3" />
</File>
<Timelines>
<Transcode startTime="364" endTime="369" complete="1" fileType="video" variant="5c99dec5-a4f6-4389-8edc-8eb3da9013a3" />
<Transcode startTime="365" endTime="369" complete="1" fileType="audio" variant="5c99dec5-a4f6-4389-8edc-8eb3da9013a3" />
</Timelines>
</Segment>
<Segment duration="5881" startOffset="5165119" endOffset="5171000">
<File name="chunk-stream0-01034.m4s" type="video">
<FileVariant size="1147417" variant="5c99dec5-a4f6-4389-8edc-8eb3da9013a3" />
</File>
<File name="chunk-stream1-01034.m4s" type="audio">
<FileVariant size="72901" variant="5c99dec5-a4f6-4389-8edc-8eb3da9013a3" />
</File>
<Timelines>
<Transcode startTime="369" endTime="377" complete="1" fileType="video" variant="5c99dec5-a4f6-4389-8edc-8eb3da9013a3" />
<Transcode startTime="369" endTime="377" complete="1" fileType="audio" variant="5c99dec5-a4f6-4389-8edc-8eb3da9013a3" />
</Timelines>
</Segment>
<Segment duration="4087" startOffset="5171000" endOffset="5175087">
<File name="chunk-stream0-01035.m4s" type="video">
<FileVariant size="902814" variant="5c99dec5-a4f6-4389-8edc-8eb3da9013a3" />
</File>
<File name="chunk-stream1-01035.m4s" type="audio">
<FileVariant size="50706" variant="5c99dec5-a4f6-4389-8edc-8eb3da9013a3" />
</File>
<Timelines>
<Transcode startTime="377" endTime="381" complete="1" fileType="video" variant="5c99dec5-a4f6-4389-8edc-8eb3da9013a3" />
<Transcode startTime="377" endTime="381" complete="1" fileType="audio" variant="5c99dec5-a4f6-4389-8edc-8eb3da9013a3" />
</Timelines>
</Segment>
<Segment duration="7298" startOffset="5175087" endOffset="5182386">
<File name="chunk-stream0-01036.m4s" type="video">
<FileVariant size="1318925" variant="5c99dec5-a4f6-4389-8edc-8eb3da9013a3" />
</File>
<File name="chunk-stream1-01036.m4s" type="audio">
<FileVariant size="90753" variant="5c99dec5-a4f6-4389-8edc-8eb3da9013a3" />
</File>
<Timelines>
<Transcode startTime="381" endTime="387" complete="1" fileType="video" variant="5c99dec5-a4f6-4389-8edc-8eb3da9013a3" />
<Transcode startTime="381" endTime="387" complete="1" fileType="audio" variant="5c99dec5-a4f6-4389-8edc-8eb3da9013a3" />
</Timelines>
</Segment>
<Segment duration="8466" startOffset="5182386" endOffset="5190853">
<File name="chunk-stream0-01037.m4s" type="video">
<FileVariant size="1078522" variant="5c99dec5-a4f6-4389-8edc-8eb3da9013a3" />
</File>
<File name="chunk-stream1-01037.m4s" type="audio">
<FileVariant size="104984" variant="5c99dec5-a4f6-4389-8edc-8eb3da9013a3" />
</File>
<Timelines>
<Transcode startTime="387" endTime="393" complete="1" fileType="video" variant="5c99dec5-a4f6-4389-8edc-8eb3da9013a3" />
<Transcode startTime="387" endTime="393" complete="1" fileType="audio" variant="5c99dec5-a4f6-4389-8edc-8eb3da9013a3" />
</Timelines>
</Segment>
<Segment duration="3086" startOffset="5190853" endOffset="5193939">
<File name="chunk-stream0-01038.m4s" type="video">
<FileVariant size="513626" variant="5c99dec5-a4f6-4389-8edc-8eb3da9013a3" />
</File>
<File name="chunk-stream1-01038.m4s" type="audio">
<FileVariant size="38451" variant="5c99dec5-a4f6-4389-8edc-8eb3da9013a3" />
</File>
<Timelines>
<Transcode startTime="393" endTime="397" complete="1" fileType="video" variant="5c99dec5-a4f6-4389-8edc-8eb3da9013a3" />
<Transcode startTime="393" endTime="397" complete="1" fileType="audio" variant="5c99dec5-a4f6-4389-8edc-8eb3da9013a3" />
</Timelines>
</Segment>
<Segment duration="3878" startOffset="5193939" endOffset="5197818">
<File name="chunk-stream0-01039.m4s" type="video">
<FileVariant size="354994" variant="5c99dec5-a4f6-4389-8edc-8eb3da9013a3" />
</File>
<File name="chunk-stream1-01039.m4s" type="audio">
<FileVariant size="48002" variant="5c99dec5-a4f6-4389-8edc-8eb3da9013a3" />
</File>
<Timelines>
<Transcode startTime="397" endTime="401" complete="1" fileType="video" variant="5c99dec5-a4f6-4389-8edc-8eb3da9013a3" />
<Transcode startTime="397" endTime="401" complete="1" fileType="audio" variant="5c99dec5-a4f6-4389-8edc-8eb3da9013a3" />
</Timelines>
</Segment>
<Segment duration="3378" startOffset="5197818" endOffset="5201197">
<File name="chunk-stream0-01040.m4s" type="video">
<FileVariant size="151399" variant="5c99dec5-a4f6-4389-8edc-8eb3da9013a3" />
</File>
<File name="chunk-stream1-01040.m4s" type="audio">
<FileVariant size="42147" variant="5c99dec5-a4f6-4389-8edc-8eb3da9013a3" />
</File>
<Timelines>
<Transcode startTime="401" endTime="404" complete="1" fileType="video" variant="5c99dec5-a4f6-4389-8edc-8eb3da9013a3" />
<Transcode startTime="401" endTime="404" complete="1" fileType="audio" variant="5c99dec5-a4f6-4389-8edc-8eb3da9013a3" />
</Timelines>
</Segment>
<Segment duration="7506" startOffset="5201197" endOffset="5208704">
<File name="chunk-stream0-01041.m4s" type="video">
<FileVariant size="224463" variant="5c99dec5-a4f6-4389-8edc-8eb3da9013a3" />
</File>
<File name="chunk-stream1-01041.m4s" type="audio">
<FileVariant size="93211" variant="5c99dec5-a4f6-4389-8edc-8eb3da9013a3" />
</File>
<Timelines>
<Transcode startTime="404" endTime="407" complete="1" fileType="video" variant="5c99dec5-a4f6-4389-8edc-8eb3da9013a3" />
<Transcode startTime="404" endTime="407" complete="1" fileType="audio" variant="5c99dec5-a4f6-4389-8edc-8eb3da9013a3" />
</Timelines>
</Segment>
<Segment duration="4296" startOffset="5208704" endOffset="5213000">
<File name="chunk-stream0-01042.m4s" type="video">
<FileVariant size="339571" variant="5c99dec5-a4f6-4389-8edc-8eb3da9013a3" />
</File>
<File name="chunk-stream1-01042.m4s" type="audio">
<FileVariant size="53200" variant="5c99dec5-a4f6-4389-8edc-8eb3da9013a3" />
</File>
<Timelines>
<Transcode startTime="407" endTime="410" complete="1" fileType="video" variant="5c99dec5-a4f6-4389-8edc-8eb3da9013a3" />
<Transcode startTime="407" endTime="410" complete="1" fileType="audio" variant="5c99dec5-a4f6-4389-8edc-8eb3da9013a3" />
</Timelines>
</Segment>
<Segment duration="10426" startOffset="5213000" endOffset="5223427">
<File name="chunk-stream0-01043.m4s" type="video">
<FileVariant size="714058" variant="5c99dec5-a4f6-4389-8edc-8eb3da9013a3" />
</File>
<File name="chunk-stream1-01043.m4s" type="audio">
<FileVariant size="129297" variant="5c99dec5-a4f6-4389-8edc-8eb3da9013a3" />
</File>
<Timelines>
<Transcode startTime="410" endTime="416" complete="1" fileType="video" variant="5c99dec5-a4f6-4389-8edc-8eb3da9013a3" />
<Transcode startTime="410" endTime="416" complete="1" fileType="audio" variant="5c99dec5-a4f6-4389-8edc-8eb3da9013a3" />
</Timelines>
</Segment>
<Segment duration="9092" startOffset="5223427" endOffset="5232519">
<File name="chunk-stream0-01044.m4s" type="video">
<FileVariant size="691091" variant="5c99dec5-a4f6-4389-8edc-8eb3da9013a3" />
</File>
<File name="chunk-stream1-01044.m4s" type="audio">
<FileVariant size="112640" variant="5c99dec5-a4f6-4389-8edc-8eb3da9013a3" />
</File>
<Timelines>
<Transcode startTime="416" endTime="420" complete="1" fileType="video" variant="5c99dec5-a4f6-4389-8edc-8eb3da9013a3" />
<Transcode startTime="416" endTime="421" complete="1" fileType="audio" variant="5c99dec5-a4f6-4389-8edc-8eb3da9013a3" />
</Timelines>
</Segment>
<Segment duration="10426" startOffset="5232519" endOffset="5242946">
<File name="chunk-stream0-01045.m4s" type="video">
<FileVariant size="564695" variant="5c99dec5-a4f6-4389-8edc-8eb3da9013a3" />
</File>
<File name="chunk-stream1-01045.m4s" type="audio">
<FileVariant size="129242" variant="5c99dec5-a4f6-4389-8edc-8eb3da9013a3" />
</File>
<Timelines>
<Transcode startTime="420" endTime="425" complete="1" fileType="video" variant="5c99dec5-a4f6-4389-8edc-8eb3da9013a3" />
<Transcode startTime="421" endTime="425" complete="1" fileType="audio" variant="5c99dec5-a4f6-4389-8edc-8eb3da9013a3" />
</Timelines>
</Segment>
<Segment duration="10426" startOffset="5242946" endOffset="5253373">
<File name="chunk-stream0-01046.m4s" type="video">
<FileVariant size="608642" variant="5c99dec5-a4f6-4389-8edc-8eb3da9013a3" />
</File>
<File name="chunk-stream1-01046.m4s" type="audio">
<FileVariant size="128859" variant="5c99dec5-a4f6-4389-8edc-8eb3da9013a3" />
</File>
<Timelines>
<Transcode startTime="425" endTime="430" complete="1" fileType="video" variant="5c99dec5-a4f6-4389-8edc-8eb3da9013a3" />
<Transcode startTime="425" endTime="430" complete="1" fileType="audio" variant="5c99dec5-a4f6-4389-8edc-8eb3da9013a3" />
</Timelines>
</Segment>
<Segment duration="10426" startOffset="5253373" endOffset="5263800">
<File name="chunk-stream0-01047.m4s" type="video">
<FileVariant size="763240" variant="5c99dec5-a4f6-4389-8edc-8eb3da9013a3" />
</File>
<File name="chunk-stream1-01047.m4s" type="audio">
<FileVariant size="129333" variant="5c99dec5-a4f6-4389-8edc-8eb3da9013a3" />
</File>
<Timelines>
<Transcode startTime="430" endTime="435" complete="1" fileType="video" variant="5c99dec5-a4f6-4389-8edc-8eb3da9013a3" />
<Transcode startTime="430" endTime="435" complete="1" fileType="audio" variant="5c99dec5-a4f6-4389-8edc-8eb3da9013a3" />
</Timelines>
</Segment>
<Segment duration="10426" startOffset="5263800" endOffset="5274227">
<File name="chunk-stream0-01048.m4s" type="video">
<FileVariant size="528095" variant="5c99dec5-a4f6-4389-8edc-8eb3da9013a3" />
</File>
<File name="chunk-stream1-01048.m4s" type="audio">
<FileVariant size="129488" variant="5c99dec5-a4f6-4389-8edc-8eb3da9013a3" />
</File>
<Timelines>
<Transcode startTime="435" endTime="440" complete="1" fileType="video" variant="5c99dec5-a4f6-4389-8edc-8eb3da9013a3" />
<Transcode startTime="435" endTime="440" complete="1" fileType="audio" variant="5c99dec5-a4f6-4389-8edc-8eb3da9013a3" />
</Timelines>
</Segment>
<Segment duration="10426" startOffset="5274227" endOffset="5284654">
<File name="chunk-stream0-01049.m4s" type="video">
<FileVariant size="609532" variant="5c99dec5-a4f6-4389-8edc-8eb3da9013a3" />
</File>
<File name="chunk-stream1-01049.m4s" type="audio">
<FileVariant size="129069" variant="5c99dec5-a4f6-4389-8edc-8eb3da9013a3" />
</File>
<Timelines>
<Transcode startTime="440" endTime="445" complete="1" fileType="video" variant="5c99dec5-a4f6-4389-8edc-8eb3da9013a3" />
<Transcode startTime="440" endTime="445" complete="1" fileType="audio" variant="5c99dec5-a4f6-4389-8edc-8eb3da9013a3" />
</Timelines>
</Segment>
<Segment duration="10426" startOffset="5284654" endOffset="5295081">
<File name="chunk-stream0-01050.m4s" type="video">
<FileVariant size="3157359" variant="5c99dec5-a4f6-4389-8edc-8eb3da9013a3" />
</File>
<File name="chunk-stream1-01050.m4s" type="audio">
<FileVariant size="129388" variant="5c99dec5-a4f6-4389-8edc-8eb3da9013a3" />
</File>
<Timelines>
<Transcode startTime="445" endTime="456" complete="1" fileType="video" variant="5c99dec5-a4f6-4389-8edc-8eb3da9013a3" />
<Transcode startTime="445" endTime="456" complete="1" fileType="audio" variant="5c99dec5-a4f6-4389-8edc-8eb3da9013a3" />
</Timelines>
</Segment>
<Segment duration="10426" startOffset="5295081" endOffset="5305508">
<File name="chunk-stream0-01051.m4s" type="video">
<FileVariant size="2692042" variant="5c99dec5-a4f6-4389-8edc-8eb3da9013a3" />
</File>
<File name="chunk-stream1-01051.m4s" type="audio">
<FileVariant size="128979" variant="5c99dec5-a4f6-4389-8edc-8eb3da9013a3" />
</File>
<Timelines>
<Transcode startTime="456" endTime="465" complete="1" fileType="video" variant="5c99dec5-a4f6-4389-8edc-8eb3da9013a3" />
<Transcode startTime="456" endTime="465" complete="1" fileType="audio" variant="5c99dec5-a4f6-4389-8edc-8eb3da9013a3" />
</Timelines>
</Segment>
<Segment duration="10426" startOffset="5305508" endOffset="5315935">
<File name="chunk-stream0-01052.m4s" type="video">
<FileVariant size="2010951" variant="5c99dec5-a4f6-4389-8edc-8eb3da9013a3" />
</File>
<File name="chunk-stream1-01052.m4s" type="audio">
<FileVariant size="129396" variant="5c99dec5-a4f6-4389-8edc-8eb3da9013a3" />
</File>
<Timelines>
<Transcode startTime="465" endTime="473" complete="1" fileType="video" variant="5c99dec5-a4f6-4389-8edc-8eb3da9013a3" />
<Transcode startTime="465" endTime="473" complete="1" fileType="audio" variant="5c99dec5-a4f6-4389-8edc-8eb3da9013a3" />
</Timelines>
</Segment>
<Segment duration="10426" startOffset="5315935" endOffset="5326362">
<File name="chunk-stream0-01053.m4s" type="video">
<FileVariant size="647901" variant="5c99dec5-a4f6-4389-8edc-8eb3da9013a3" />
</File>
<File name="chunk-stream1-01053.m4s" type="audio">
<FileVariant size="129143" variant="5c99dec5-a4f6-4389-8edc-8eb3da9013a3" />
</File>
<Timelines>
<Transcode startTime="473" endTime="477" complete="1" fileType="video" variant="5c99dec5-a4f6-4389-8edc-8eb3da9013a3" />
<Transcode startTime="473" endTime="477" complete="1" fileType="audio" variant="5c99dec5-a4f6-4389-8edc-8eb3da9013a3" />
</Timelines>
</Segment>
<Segment duration="6090" startOffset="5326362" endOffset="5332452">
<File name="chunk-stream0-01054.m4s" type="video">
<FileVariant size="12560" variant="5c99dec5-a4f6-4389-8edc-8eb3da9013a3" />
</File>
<File name="chunk-stream1-01054.m4s" type="audio">
<FileVariant size="75412" variant="5c99dec5-a4f6-4389-8edc-8eb3da9013a3" />
</File>
<Timelines>
<Transcode startTime="477" endTime="479" complete="1" fileType="video" variant="5c99dec5-a4f6-4389-8edc-8eb3da9013a3" />
<Transcode startTime="477" endTime="479" complete="1" fileType="audio" variant="5c99dec5-a4f6-4389-8edc-8eb3da9013a3" />
</Timelines>
</Segment>
<Segment duration="4712" startOffset="5332452" endOffset="5337165">
<File name="chunk-stream0-01055.m4s" type="video">
<FileVariant size="11342" variant="5c99dec5-a4f6-4389-8edc-8eb3da9013a3" />
</File>
<File name="chunk-stream1-01055.m4s" type="audio">
<FileVariant size="58731" variant="5c99dec5-a4f6-4389-8edc-8eb3da9013a3" />
</File>
<Timelines>
<Transcode startTime="479" endTime="482" complete="1" fileType="video" variant="5c99dec5-a4f6-4389-8edc-8eb3da9013a3" />
<Transcode startTime="479" endTime="482" complete="1" fileType="audio" variant="5c99dec5-a4f6-4389-8edc-8eb3da9013a3" />
</Timelines>
</Segment>
<Segment duration="4712" startOffset="5337165" endOffset="5341878">
<File name="chunk-stream0-01056.m4s" type="video">
<FileVariant size="14397" variant="5c99dec5-a4f6-4389-8edc-8eb3da9013a3" />
</File>
<File name="chunk-stream1-01056.m4s" type="audio">
<FileVariant size="58313" variant="5c99dec5-a4f6-4389-8edc-8eb3da9013a3" />
</File>
<Timelines>
<Transcode startTime="482" endTime="484" complete="1" fileType="video" variant="5c99dec5-a4f6-4389-8edc-8eb3da9013a3" />
<Transcode startTime="482" endTime="485" complete="1" fileType="audio" variant="5c99dec5-a4f6-4389-8edc-8eb3da9013a3" />
</Timelines>
</Segment>
<Segment duration="4755" startOffset="5341878" endOffset="5346633">
<File name="chunk-stream0-01057.m4s" type="video">
<FileVariant size="16143" variant="5c99dec5-a4f6-4389-8edc-8eb3da9013a3" />
</File>
<File name="chunk-stream1-01057.m4s" type="audio">
<FileVariant size="59099" variant="5c99dec5-a4f6-4389-8edc-8eb3da9013a3" />
</File>
<Timelines>
<Transcode startTime="484" endTime="487" complete="1" fileType="video" variant="5c99dec5-a4f6-4389-8edc-8eb3da9013a3" />
<Transcode startTime="485" endTime="487" complete="1" fileType="audio" variant="5c99dec5-a4f6-4389-8edc-8eb3da9013a3" />
</Timelines>
</Segment>
<Segment duration="4753" startOffset="5346634" endOffset="5351388">
<File name="chunk-stream0-01058.m4s" type="video">
<FileVariant size="18877" variant="5c99dec5-a4f6-4389-8edc-8eb3da9013a3" />
</File>
<File name="chunk-stream1-01058.m4s" type="audio">
<FileVariant size="58949" variant="5c99dec5-a4f6-4389-8edc-8eb3da9013a3" />
</File>
<Timelines>
<Transcode startTime="487" endTime="489" complete="1" fileType="video" variant="5c99dec5-a4f6-4389-8edc-8eb3da9013a3" />
<Transcode startTime="487" endTime="489" complete="1" fileType="audio" variant="5c99dec5-a4f6-4389-8edc-8eb3da9013a3" />
</Timelines>
</Segment>
<Segment duration="4671" startOffset="5351388" endOffset="5356059">
<File name="chunk-stream0-01059.m4s" type="video">
<FileVariant size="14751" variant="5c99dec5-a4f6-4389-8edc-8eb3da9013a3" />
</File>
<File name="chunk-stream1-01059.m4s" type="audio">
<FileVariant size="58141" variant="5c99dec5-a4f6-4389-8edc-8eb3da9013a3" />
</File>
<Timelines>
<Transcode startTime="489" endTime="491" complete="1" fileType="video" variant="5c99dec5-a4f6-4389-8edc-8eb3da9013a3" />
<Transcode startTime="489" endTime="492" complete="1" fileType="audio" variant="5c99dec5-a4f6-4389-8edc-8eb3da9013a3" />
</Timelines>
</Segment>
<Segment duration="4837" startOffset="5356059" endOffset="5360897">
<File name="chunk-stream0-01060.m4s" type="video">
<FileVariant size="11222" variant="5c99dec5-a4f6-4389-8edc-8eb3da9013a3" />
</File>
<File name="chunk-stream1-01060.m4s" type="audio">
<FileVariant size="60086" variant="5c99dec5-a4f6-4389-8edc-8eb3da9013a3" />
</File>
<Timelines>
<Transcode startTime="491" endTime="493" complete="1" fileType="video" variant="5c99dec5-a4f6-4389-8edc-8eb3da9013a3" />
<Transcode startTime="492" endTime="494" complete="1" fileType="audio" variant="5c99dec5-a4f6-4389-8edc-8eb3da9013a3" />
</Timelines>
</Segment>
<Segment duration="4755" startOffset="5360897" endOffset="5365652">
<File name="chunk-stream0-01061.m4s" type="video">
<FileVariant size="11450" variant="5c99dec5-a4f6-4389-8edc-8eb3da9013a3" />
</File>
<File name="chunk-stream1-01061.m4s" type="audio">
<FileVariant size="59055" variant="5c99dec5-a4f6-4389-8edc-8eb3da9013a3" />
</File>
<Timelines>
<Transcode startTime="493" endTime="496" complete="1" fileType="video" variant="5c99dec5-a4f6-4389-8edc-8eb3da9013a3" />
<Transcode startTime="494" endTime="496" complete="1" fileType="audio" variant="5c99dec5-a4f6-4389-8edc-8eb3da9013a3" />
</Timelines>
</Segment>
<Segment duration="4753" startOffset="5365652" endOffset="5370406">
<File name="chunk-stream0-01062.m4s" type="video">
<FileVariant size="16097" variant="5c99dec5-a4f6-4389-8edc-8eb3da9013a3" />
</File>
<File name="chunk-stream1-01062.m4s" type="audio">
<FileVariant size="58840" variant="5c99dec5-a4f6-4389-8edc-8eb3da9013a3" />
</File>
<Timelines>
<Transcode startTime="496" endTime="499" complete="1" fileType="video" variant="5c99dec5-a4f6-4389-8edc-8eb3da9013a3" />
<Transcode startTime="496" endTime="499" complete="1" fileType="audio" variant="5c99dec5-a4f6-4389-8edc-8eb3da9013a3" />
</Timelines>
</Segment>
<Segment duration="4796" startOffset="5370406" endOffset="5375203">
<File name="chunk-stream0-01063.m4s" type="video">
<FileVariant size="12258" variant="5c99dec5-a4f6-4389-8edc-8eb3da9013a3" />
</File>
<File name="chunk-stream1-01063.m4s" type="audio">
<FileVariant size="59576" variant="5c99dec5-a4f6-4389-8edc-8eb3da9013a3" />
</File>
<Timelines>
<Transcode startTime="499" endTime="501" complete="1" fileType="video" variant="5c99dec5-a4f6-4389-8edc-8eb3da9013a3" />
<Transcode startTime="499" endTime="502" complete="1" fileType="audio" variant="5c99dec5-a4f6-4389-8edc-8eb3da9013a3" />
</Timelines>
</Segment>
<Segment duration="4880" startOffset="5375204" endOffset="5380084">
<File name="chunk-stream0-01064.m4s" type="video">
<FileVariant size="12241" variant="5c99dec5-a4f6-4389-8edc-8eb3da9013a3" />
</File>
<File name="chunk-stream1-01064.m4s" type="audio">
<FileVariant size="60557" variant="5c99dec5-a4f6-4389-8edc-8eb3da9013a3" />
</File>
<Timelines>
<Transcode startTime="501" endTime="504" complete="1" fileType="video" variant="5c99dec5-a4f6-4389-8edc-8eb3da9013a3" />
<Transcode startTime="502" endTime="505" complete="1" fileType="audio" variant="5c99dec5-a4f6-4389-8edc-8eb3da9013a3" />
</Timelines>
</Segment>
<Segment duration="4880" startOffset="5380084" endOffset="5384964">
<File name="chunk-stream0-01065.m4s" type="video">
<FileVariant size="13209" variant="5c99dec5-a4f6-4389-8edc-8eb3da9013a3" />
</File>
<File name="chunk-stream1-01065.m4s" type="audio">
<FileVariant size="60723" variant="5c99dec5-a4f6-4389-8edc-8eb3da9013a3" />
</File>
<Timelines>
<Transcode startTime="504" endTime="507" complete="1" fileType="video" variant="5c99dec5-a4f6-4389-8edc-8eb3da9013a3" />
<Transcode startTime="505" endTime="508" complete="1" fileType="audio" variant="5c99dec5-a4f6-4389-8edc-8eb3da9013a3" />
</Timelines>
</Segment>
<Segment duration="4878" startOffset="5384964" endOffset="5389843">
<File name="chunk-stream0-01066.m4s" type="video">
<FileVariant size="10525" variant="5c99dec5-a4f6-4389-8edc-8eb3da9013a3" />
</File>
<File name="chunk-stream1-01066.m4s" type="audio">
<FileVariant size="60635" variant="5c99dec5-a4f6-4389-8edc-8eb3da9013a3" />
</File>
<Timelines>
<Transcode startTime="507" endTime="510" complete="1" fileType="video" variant="5c99dec5-a4f6-4389-8edc-8eb3da9013a3" />
<Transcode startTime="508" endTime="510" complete="1" fileType="audio" variant="5c99dec5-a4f6-4389-8edc-8eb3da9013a3" />
</Timelines>
</Segment>
<Segment duration="4880" startOffset="5389843" endOffset="5394723">
<File name="chunk-stream0-01067.m4s" type="video">
<FileVariant size="12804" variant="5c99dec5-a4f6-4389-8edc-8eb3da9013a3" />
</File>
<File name="chunk-stream1-01067.m4s" type="audio">
<FileVariant size="60316" variant="5c99dec5-a4f6-4389-8edc-8eb3da9013a3" />
</File>
<Timelines>
<Transcode startTime="510" endTime="512" complete="1" fileType="video" variant="5c99dec5-a4f6-4389-8edc-8eb3da9013a3" />
<Transcode startTime="510" endTime="512" complete="1" fileType="audio" variant="5c99dec5-a4f6-4389-8edc-8eb3da9013a3" />
</Timelines>
</Segment>
<Segment duration="4921" startOffset="5394723" endOffset="5399644">
<File name="chunk-stream0-01068.m4s" type="video">
<FileVariant size="8732" variant="5c99dec5-a4f6-4389-8edc-8eb3da9013a3" />
</File>
<File name="chunk-stream1-01068.m4s" type="audio">
<FileVariant size="61253" variant="5c99dec5-a4f6-4389-8edc-8eb3da9013a3" />
</File>
<Timelines>
<Transcode startTime="512" endTime="514" complete="1" fileType="video" variant="5c99dec5-a4f6-4389-8edc-8eb3da9013a3" />
<Transcode startTime="512" endTime="515" complete="1" fileType="audio" variant="5c99dec5-a4f6-4389-8edc-8eb3da9013a3" />
</Timelines>
</Segment>
<Segment duration="4921" startOffset="5399644" endOffset="5404566">
<File name="chunk-stream0-01069.m4s" type="video">
<FileVariant size="8397" variant="5c99dec5-a4f6-4389-8edc-8eb3da9013a3" />
</File>
<File name="chunk-stream1-01069.m4s" type="audio">
<FileVariant size="61115" variant="5c99dec5-a4f6-4389-8edc-8eb3da9013a3" />
</File>
<Timelines>
<Transcode startTime="514" endTime="517" complete="1" fileType="video" variant="5c99dec5-a4f6-4389-8edc-8eb3da9013a3" />
<Transcode startTime="515" endTime="517" complete="1" fileType="audio" variant="5c99dec5-a4f6-4389-8edc-8eb3da9013a3" />
</Timelines>
</Segment>
<Segment duration="4921" startOffset="5404566" endOffset="5409487">
<File name="chunk-stream0-01070.m4s" type="video">
<FileVariant size="7859" variant="5c99dec5-a4f6-4389-8edc-8eb3da9013a3" />
</File>
<File name="chunk-stream1-01070.m4s" type="audio">
<FileVariant size="60813" variant="5c99dec5-a4f6-4389-8edc-8eb3da9013a3" />
</File>
<Timelines>
<Transcode startTime="517" endTime="518" complete="1" fileType="video" variant="5c99dec5-a4f6-4389-8edc-8eb3da9013a3" />
<Transcode startTime="517" endTime="519" complete="1" fileType="audio" variant="5c99dec5-a4f6-4389-8edc-8eb3da9013a3" />
</Timelines>
</Segment>
<Segment duration="4921" startOffset="5409487" endOffset="5414409">
<File name="chunk-stream0-01071.m4s" type="video">
<FileVariant size="9589" variant="5c99dec5-a4f6-4389-8edc-8eb3da9013a3" />
</File>
<File name="chunk-stream1-01071.m4s" type="audio">
<FileVariant size="61334" variant="5c99dec5-a4f6-4389-8edc-8eb3da9013a3" />
</File>
<Timelines>
<Transcode startTime="518" endTime="521" complete="1" fileType="video" variant="5c99dec5-a4f6-4389-8edc-8eb3da9013a3" />
<Transcode startTime="519" endTime="521" complete="1" fileType="audio" variant="5c99dec5-a4f6-4389-8edc-8eb3da9013a3" />
</Timelines>
</Segment>
<Segment duration="5005" startOffset="5414409" endOffset="5419414">
<File name="chunk-stream0-01072.m4s" type="video">
<FileVariant size="11605" variant="5c99dec5-a4f6-4389-8edc-8eb3da9013a3" />
</File>
<File name="chunk-stream1-01072.m4s" type="audio">
<FileVariant size="62139" variant="5c99dec5-a4f6-4389-8edc-8eb3da9013a3" />
</File>
<Timelines>
<Transcode startTime="521" endTime="523" complete="1" fileType="video" variant="5c99dec5-a4f6-4389-8edc-8eb3da9013a3" />
<Transcode startTime="521" endTime="524" complete="1" fileType="audio" variant="5c99dec5-a4f6-4389-8edc-8eb3da9013a3" />
</Timelines>
</Segment>
<Segment duration="4628" startOffset="5419415" endOffset="5424044">
<File name="chunk-stream0-01073.m4s" type="video">
<FileVariant size="10602" variant="5c99dec5-a4f6-4389-8edc-8eb3da9013a3" />
</File>
<File name="chunk-stream1-01073.m4s" type="audio">
<FileVariant size="57163" variant="5c99dec5-a4f6-4389-8edc-8eb3da9013a3" />
</File>
<Timelines>
<Transcode startTime="523" endTime="526" complete="1" fileType="video" variant="5c99dec5-a4f6-4389-8edc-8eb3da9013a3" />
<Transcode startTime="524" endTime="526" complete="1" fileType="audio" variant="5c99dec5-a4f6-4389-8edc-8eb3da9013a3" />
</Timelines>
</Segment>
<Segment duration="10426" startOffset="5424043" endOffset="5434470">
<File name="chunk-stream0-01074.m4s" type="video">
<FileVariant size="61109" variant="5c99dec5-a4f6-4389-8edc-8eb3da9013a3" />
</File>
<File name="chunk-stream1-01074.m4s" type="audio">
<FileVariant size="129360" variant="5c99dec5-a4f6-4389-8edc-8eb3da9013a3" />
</File>
<Timelines>
<Transcode startTime="526" endTime="530" complete="1" fileType="video" variant="5c99dec5-a4f6-4389-8edc-8eb3da9013a3" />
<Transcode startTime="526" endTime="530" complete="1" fileType="audio" variant="5c99dec5-a4f6-4389-8edc-8eb3da9013a3" />
</Timelines>
</Segment>
<Segment duration="10426" startOffset="5434471" endOffset="5444897">
<File name="chunk-stream0-01075.m4s" type="video">
<FileVariant size="108062" variant="5c99dec5-a4f6-4389-8edc-8eb3da9013a3" />
</File>
<File name="chunk-stream1-01075.m4s" type="audio">
<FileVariant size="129383" variant="5c99dec5-a4f6-4389-8edc-8eb3da9013a3" />
</File>
<Timelines>
<Transcode startTime="530" endTime="533" complete="1" fileType="video" variant="5c99dec5-a4f6-4389-8edc-8eb3da9013a3" />
<Transcode startTime="530" endTime="533" complete="1" fileType="audio" variant="5c99dec5-a4f6-4389-8edc-8eb3da9013a3" />
</Timelines>
</Segment>
<Segment duration="10426" startOffset="5444897" endOffset="5455324">
<File name="chunk-stream0-01076.m4s" type="video">
<FileVariant size="130153" variant="5c99dec5-a4f6-4389-8edc-8eb3da9013a3" />
</File>
<File name="chunk-stream1-01076.m4s" type="audio">
<FileVariant size="129113" variant="5c99dec5-a4f6-4389-8edc-8eb3da9013a3" />
</File>
<Timelines>
<Transcode startTime="533" endTime="536" complete="1" fileType="video" variant="5c99dec5-a4f6-4389-8edc-8eb3da9013a3" />
<Transcode startTime="533" endTime="536" complete="1" fileType="audio" variant="5c99dec5-a4f6-4389-8edc-8eb3da9013a3" />
</Timelines>
</Segment>
<Segment duration="10427" startOffset="5455324" endOffset="5465752">
<File name="chunk-stream0-01077.m4s" type="video">
<FileVariant size="456797" variant="5c99dec5-a4f6-4389-8edc-8eb3da9013a3" />
</File>
<File name="chunk-stream1-01077.m4s" type="audio">
<FileVariant size="129417" variant="5c99dec5-a4f6-4389-8edc-8eb3da9013a3" />
</File>
<Timelines>
<Transcode startTime="536" endTime="540" complete="1" fileType="video" variant="5c99dec5-a4f6-4389-8edc-8eb3da9013a3" />
<Transcode startTime="536" endTime="541" complete="1" fileType="audio" variant="5c99dec5-a4f6-4389-8edc-8eb3da9013a3" />
</Timelines>
</Segment>
<Segment duration="10426" startOffset="5465752" endOffset="5476179">
<File name="chunk-stream0-01078.m4s" type="video">
<FileVariant size="1129682" variant="5c99dec5-a4f6-4389-8edc-8eb3da9013a3" />
</File>
<File name="chunk-stream1-01078.m4s" type="audio">
<FileVariant size="129198" variant="5c99dec5-a4f6-4389-8edc-8eb3da9013a3" />
</File>
<Timelines>
<Transcode startTime="540" endTime="546" complete="1" fileType="video" variant="5c99dec5-a4f6-4389-8edc-8eb3da9013a3" />
<Transcode startTime="541" endTime="546" complete="1" fileType="audio" variant="5c99dec5-a4f6-4389-8edc-8eb3da9013a3" />
</Timelines>
</Segment>
<Segment duration="10426" startOffset="5476179" endOffset="5486606">
<File name="chunk-stream0-01079.m4s" type="video">
<FileVariant size="485642" variant="5c99dec5-a4f6-4389-8edc-8eb3da9013a3" />
</File>
<File name="chunk-stream1-01079.m4s" type="audio">
<FileVariant size="128987" variant="5c99dec5-a4f6-4389-8edc-8eb3da9013a3" />
</File>
<Timelines>
<Transcode startTime="546" endTime="550" complete="1" fileType="video" variant="5c99dec5-a4f6-4389-8edc-8eb3da9013a3" />
<Transcode startTime="546" endTime="551" complete="1" fileType="audio" variant="5c99dec5-a4f6-4389-8edc-8eb3da9013a3" />
</Timelines>
</Segment>
<Segment duration="10426" startOffset="5486606" endOffset="5497033">
<File name="chunk-stream0-01080.m4s" type="video">
<FileVariant size="670282" variant="5c99dec5-a4f6-4389-8edc-8eb3da9013a3" />
</File>
<File name="chunk-stream1-01080.m4s" type="audio">
<FileVariant size="129363" variant="5c99dec5-a4f6-4389-8edc-8eb3da9013a3" />
</File>
<Timelines>
<Transcode startTime="550" endTime="555" complete="1" fileType="video" variant="5c99dec5-a4f6-4389-8edc-8eb3da9013a3" />
<Transcode startTime="551" endTime="555" complete="1" fileType="audio" variant="5c99dec5-a4f6-4389-8edc-8eb3da9013a3" />
</Timelines>
</Segment>
<Segment duration="10426" startOffset="5497033" endOffset="5507460">
<File name="chunk-stream0-01081.m4s" type="video">
<FileVariant size="1052971" variant="5c99dec5-a4f6-4389-8edc-8eb3da9013a3" />
</File>
<File name="chunk-stream1-01081.m4s" type="audio">
<FileVariant size="129185" variant="5c99dec5-a4f6-4389-8edc-8eb3da9013a3" />
</File>
<Timelines>
<Transcode startTime="555" endTime="560" complete="1" fileType="video" variant="5c99dec5-a4f6-4389-8edc-8eb3da9013a3" />
<Transcode startTime="555" endTime="560" complete="1" fileType="audio" variant="5c99dec5-a4f6-4389-8edc-8eb3da9013a3" />
</Timelines>
</Segment>
<Segment duration="10426" startOffset="5507460" endOffset="5517887">
<File name="chunk-stream0-01082.m4s" type="video">
<FileVariant size="982625" variant="5c99dec5-a4f6-4389-8edc-8eb3da9013a3" />
</File>
<File name="chunk-stream1-01082.m4s" type="audio">
<FileVariant size="129318" variant="5c99dec5-a4f6-4389-8edc-8eb3da9013a3" />
</File>
<Timelines>
<Transcode startTime="560" endTime="566" complete="1" fileType="video" variant="5c99dec5-a4f6-4389-8edc-8eb3da9013a3" />
<Transcode startTime="560" endTime="566" complete="1" fileType="audio" variant="5c99dec5-a4f6-4389-8edc-8eb3da9013a3" />
</Timelines>
</Segment>
<Segment duration="10426" startOffset="5517887" endOffset="5528314">
<File name="chunk-stream0-01083.m4s" type="video">
<FileVariant size="915217" variant="5c99dec5-a4f6-4389-8edc-8eb3da9013a3" />
</File>
<File name="chunk-stream1-01083.m4s" type="audio">
<FileVariant size="129032" variant="5c99dec5-a4f6-4389-8edc-8eb3da9013a3" />
</File>
<Timelines>
<Transcode startTime="566" endTime="571" complete="1" fileType="video" variant="5c99dec5-a4f6-4389-8edc-8eb3da9013a3" />
<Transcode startTime="566" endTime="571" complete="1" fileType="audio" variant="5c99dec5-a4f6-4389-8edc-8eb3da9013a3" />
</Timelines>
</Segment>
<Segment duration="10426" startOffset="5528314" endOffset="5538741">
<File name="chunk-stream0-01084.m4s" type="video">
<FileVariant size="934139" variant="5c99dec5-a4f6-4389-8edc-8eb3da9013a3" />
</File>
<File name="chunk-stream1-01084.m4s" type="audio">
<FileVariant size="129021" variant="5c99dec5-a4f6-4389-8edc-8eb3da9013a3" />
</File>
<Timelines>
<Transcode startTime="571" endTime="576" complete="1" fileType="video" variant="5c99dec5-a4f6-4389-8edc-8eb3da9013a3" />
<Transcode startTime="571" endTime="576" complete="1" fileType="audio" variant="5c99dec5-a4f6-4389-8edc-8eb3da9013a3" />
</Timelines>
</Segment>
<Segment duration="10426" startOffset="5538741" endOffset="5549168">
<File name="chunk-stream0-01085.m4s" type="video">
<FileVariant size="1115425" variant="5c99dec5-a4f6-4389-8edc-8eb3da9013a3" />
</File>
<File name="chunk-stream1-01085.m4s" type="audio">
<FileVariant size="129221" variant="5c99dec5-a4f6-4389-8edc-8eb3da9013a3" />
</File>
<Timelines>
<Transcode startTime="576" endTime="581" complete="1" fileType="video" variant="5c99dec5-a4f6-4389-8edc-8eb3da9013a3" />
<Transcode startTime="576" endTime="581" complete="1" fileType="audio" variant="5c99dec5-a4f6-4389-8edc-8eb3da9013a3" />
</Timelines>
</Segment>
<Segment duration="10426" startOffset="5549168" endOffset="5559595">
<File name="chunk-stream0-01086.m4s" type="video">
<FileVariant size="908640" variant="5c99dec5-a4f6-4389-8edc-8eb3da9013a3" />
</File>
<File name="chunk-stream1-01086.m4s" type="audio">
<FileVariant size="129432" variant="5c99dec5-a4f6-4389-8edc-8eb3da9013a3" />
</File>
<Timelines>
<Transcode startTime="581" endTime="586" complete="1" fileType="video" variant="5c99dec5-a4f6-4389-8edc-8eb3da9013a3" />
<Transcode startTime="581" endTime="586" complete="1" fileType="audio" variant="5c99dec5-a4f6-4389-8edc-8eb3da9013a3" />
</Timelines>
</Segment>
<Segment duration="10426" startOffset="5559595" endOffset="5570022">
<File name="chunk-stream0-01087.m4s" type="video">
<FileVariant size="953325" variant="5c99dec5-a4f6-4389-8edc-8eb3da9013a3" />
</File>
<File name="chunk-stream1-01087.m4s" type="audio">
<FileVariant size="128990" variant="5c99dec5-a4f6-4389-8edc-8eb3da9013a3" />
</File>
<Timelines>
<Transcode startTime="586" endTime="592" complete="1" fileType="video" variant="5c99dec5-a4f6-4389-8edc-8eb3da9013a3" />
<Transcode startTime="586" endTime="592" complete="1" fileType="audio" variant="5c99dec5-a4f6-4389-8edc-8eb3da9013a3" />
</Timelines>
</Segment>
<Segment duration="10426" startOffset="5570022" endOffset="5580449">
<File name="chunk-stream0-01088.m4s" type="video">
<FileVariant size="1015767" variant="5c99dec5-a4f6-4389-8edc-8eb3da9013a3" />
</File>
<File name="chunk-stream1-01088.m4s" type="audio">
<FileVariant size="129419" variant="5c99dec5-a4f6-4389-8edc-8eb3da9013a3" />
</File>
<Timelines>
<Transcode startTime="592" endTime="597" complete="1" fileType="video" variant="5c99dec5-a4f6-4389-8edc-8eb3da9013a3" />
<Transcode startTime="592" endTime="598" complete="1" fileType="audio" variant="5c99dec5-a4f6-4389-8edc-8eb3da9013a3" />
</Timelines>
</Segment>
<Segment duration="10427" startOffset="5580449" endOffset="5590877">
<File name="chunk-stream0-01089.m4s" type="video">
<FileVariant size="1034417" variant="5c99dec5-a4f6-4389-8edc-8eb3da9013a3" />
</File>
<File name="chunk-stream1-01089.m4s" type="audio">
<FileVariant size="129225" variant="5c99dec5-a4f6-4389-8edc-8eb3da9013a3" />
</File>
<Timelines>
<Transcode startTime="597" endTime="603" complete="1" fileType="video" variant="5c99dec5-a4f6-4389-8edc-8eb3da9013a3" />
<Transcode startTime="598" endTime="603" complete="1" fileType="audio" variant="5c99dec5-a4f6-4389-8edc-8eb3da9013a3" />
</Timelines>
</Segment>
<Segment duration="10426" startOffset="5590877" endOffset="5601304">
<File name="chunk-stream0-01090.m4s" type="video">
<FileVariant size="1130261" variant="5c99dec5-a4f6-4389-8edc-8eb3da9013a3" />
</File>
<File name="chunk-stream1-01090.m4s" type="audio">
<FileVariant size="129250" variant="5c99dec5-a4f6-4389-8edc-8eb3da9013a3" />
</File>
<Timelines>
<Transcode startTime="603" endTime="609" complete="1" fileType="video" variant="5c99dec5-a4f6-4389-8edc-8eb3da9013a3" />
<Transcode startTime="603" endTime="609" complete="1" fileType="audio" variant="5c99dec5-a4f6-4389-8edc-8eb3da9013a3" />
</Timelines>
</Segment>
<Segment duration="10426" startOffset="5601304" endOffset="5611731">
<File name="chunk-stream0-01091.m4s" type="video">
<FileVariant size="1047300" variant="5c99dec5-a4f6-4389-8edc-8eb3da9013a3" />
</File>
<File name="chunk-stream1-01091.m4s" type="audio">
<FileVariant size="129190" variant="5c99dec5-a4f6-4389-8edc-8eb3da9013a3" />
</File>
<Timelines>
<Transcode startTime="609" endTime="11196" complete="1" fileType="video" variant="5c99dec5-a4f6-4389-8edc-8eb3da9013a3" />
<Transcode startTime="609" endTime="11197" complete="1" fileType="audio" variant="5c99dec5-a4f6-4389-8edc-8eb3da9013a3" />
</Timelines>
</Segment>
<Segment duration="10426" startOffset="5611731" endOffset="5622158">
<File name="chunk-stream0-01092.m4s" type="video">
<FileVariant size="1007906" variant="5c99dec5-a4f6-4389-8edc-8eb3da9013a3" />
</File>
<File name="chunk-stream1-01092.m4s" type="audio">
<FileVariant size="129060" variant="5c99dec5-a4f6-4389-8edc-8eb3da9013a3" />
</File>
<Timelines>
<Transcode startTime="11196" endTime="86385" complete="1" fileType="video" variant="5c99dec5-a4f6-4389-8edc-8eb3da9013a3" />
<Transcode startTime="11197" endTime="86386" complete="1" fileType="audio" variant="5c99dec5-a4f6-4389-8edc-8eb3da9013a3" />
</Timelines>
</Segment>
<Segment duration="10426" startOffset="5622158" endOffset="5632585">
<File name="chunk-stream0-01093.m4s" type="video">
<FileVariant size="1290889" variant="5c99dec5-a4f6-4389-8edc-8eb3da9013a3" />
</File>
<File name="chunk-stream1-01093.m4s" type="audio">
<FileVariant size="129349" variant="5c99dec5-a4f6-4389-8edc-8eb3da9013a3" />
</File>
<Timelines>
<Transcode startTime="86385" endTime="161638" complete="1" fileType="video" variant="5c99dec5-a4f6-4389-8edc-8eb3da9013a3" />
<Transcode startTime="86386" endTime="161638" complete="1" fileType="audio" variant="5c99dec5-a4f6-4389-8edc-8eb3da9013a3" />
</Timelines>
</Segment>
</SegmentList>
<PlaybackReports />
<StateReports />
<StateReports type="sloth">
<State startTime="611" endTime="181935" slothMode="1" />
</StateReports>
</SessionReport>
