Nov 03, 2024 12:25:31.135 [281472900562424] INFO - Plex Media Scanner v1.41.1.9057-af5eaea7a - Docker Docker Container (LinuxServer.io) aarch64 - build: linux-aarch64 - GMT 00:00
Nov 03, 2024 12:25:31.135 [281472900562424] INFO - Linux version: 6.10.11-linuxkit, language: en-US
Nov 03, 2024 12:25:31.135 [281472900562424] INFO - Processor: 10-core AArch64
Nov 03, 2024 12:25:31.135 [281472900562424] INFO - /usr/lib/plexmediaserver/Plex Media Scanner --analyze --log-file-suffix  Analysis --no-thumbs --item 9
Nov 03, 2024 12:25:31.135 [281472943714360] DEBUG - Opening 20 database sessions to library (com.plexapp.plugins.library), SQLite 3.39.4, threadsafe=1
Nov 03, 2024 12:25:31.139 [281472943714360] INFO - SQLITE3:0xffff86d234c0, 283, recovered 569 frames from WAL file /config/Library/Application Support/Plex Media Server/Plug-in Support/Databases/com.plexapp.plugins.library.db-wal
Nov 03, 2024 12:25:31.209 [281472943714360] DEBUG - Analyzing media parts for item 9 (A Quiet Place: Day One): 23
Nov 03, 2024 12:25:31.210 [281472943714360] DEBUG - Downloading document http://127.0.0.1:32400/library/changestamp
Nov 03, 2024 12:25:31.210 [281472943714360] DEBUG - [HCl#1] HTTP requesting GET http://127.0.0.1:32400/library/changestamp
Nov 03, 2024 12:25:31.211 [281472853695992] DEBUG - [HttpClient/HCl#1] HTTP/1.1 (0.0s) 200 response from GET http://127.0.0.1:32400/library/changestamp
Nov 03, 2024 12:25:31.211 [281472943714360] DEBUG - Updating metadata item (save) (A Quiet Place: Day One) with ID 9
Nov 03, 2024 12:25:31.215 [281472943714360] DEBUG - [ID 23] Media part analysis: /movies/A Quiet Place - Day One (2024)/A.Quiet.Place.Day.One.2024.720p.WEBRip.800MB.x264-GalaxyRG[TGx].mkv
Nov 03, 2024 12:25:31.215 [281472943714360] DEBUG - [MI] Opening input file: "/movies/A Quiet Place - Day One (2024)/A.Quiet.Place.Day.One.2024.720p.WEBRip.800MB.x264-GalaxyRG[TGx].mkv"
Nov 03, 2024 12:25:31.215 [281472943714360] DEBUG - [FFMPEG] - Opening '/movies/A Quiet Place - Day One (2024)/A.Quiet.Place.Day.One.2024.720p.WEBRip.800MB.x264-GalaxyRG[TGx].mkv' for reading
Nov 03, 2024 12:25:31.215 [281472943714360] DEBUG - [FFMPEG] - Setting default whitelist 'file,crypto,data'
Nov 03, 2024 12:25:31.215 [281472943714360] DEBUG - [FFMPEG] - Format matroska,webm probed with size=2048 and score=100
Nov 03, 2024 12:25:31.215 [281472943714360] DEBUG - [FFMPEG] - st:0 removing common factor 1000000 from timebase
Nov 03, 2024 12:25:31.215 [281472943714360] DEBUG - [FFMPEG] - st:1 removing common factor 1000000 from timebase
Nov 03, 2024 12:25:31.215 [281472943714360] DEBUG - [FFMPEG] - st:2 removing common factor 1000000 from timebase
Nov 03, 2024 12:25:31.215 [281472943714360] DEBUG - [FFMPEG] - st:3 removing common factor 1000000 from timebase
Nov 03, 2024 12:25:31.216 [281472943714360] DEBUG - [FFMPEG] - Before avformat_find_stream_info() pos: 1444 bytes read:32768 seeks:0 nb_streams:4
Nov 03, 2024 12:25:31.216 [281472943714360] DEBUG - [FFMPEG] - nal_unit_type: 7(SPS), nal_ref_idc: 3
Nov 03, 2024 12:25:31.217 [281472943714360] DEBUG - [FFMPEG] - nal_unit_type: 8(PPS), nal_ref_idc: 3
Nov 03, 2024 12:25:31.217 [281472943714360] DEBUG - [FFMPEG] - nal_unit_type: 7(SPS), nal_ref_idc: 3
Nov 03, 2024 12:25:31.217 [281472943714360] DEBUG - [FFMPEG] - nal_unit_type: 8(PPS), nal_ref_idc: 3
Nov 03, 2024 12:25:31.217 [281472943714360] DEBUG - [FFMPEG] - nal_unit_type: 6(SEI), nal_ref_idc: 0
Nov 03, 2024 12:25:31.217 [281472943714360] DEBUG - [FFMPEG] - nal_unit_type: 5(IDR), nal_ref_idc: 3
Nov 03, 2024 12:25:31.217 [281472943714360] DEBUG - [FFMPEG] - Format yuv420p chosen by get_format().
Nov 03, 2024 12:25:31.217 [281472943714360] DEBUG - [FFMPEG] - no picture 
Nov 03, 2024 12:25:31.218 [281472943714360] DEBUG - [FFMPEG] - nal_unit_type: 1(Coded slice of a non-IDR picture), nal_ref_idc: 2
Nov 03, 2024 12:25:31.218 [281472943714360] DEBUG - [FFMPEG] - no picture 
Nov 03, 2024 12:25:31.219 [281472943714360] DEBUG - [FFMPEG] - nal_unit_type: 1(Coded slice of a non-IDR picture), nal_ref_idc: 2
Nov 03, 2024 12:25:31.219 [281472943714360] DEBUG - [FFMPEG] - nal_unit_type: 1(Coded slice of a non-IDR picture), nal_ref_idc: 0
Nov 03, 2024 12:25:31.220 [281472943714360] DEBUG - [FFMPEG] - nal_unit_type: 1(Coded slice of a non-IDR picture), nal_ref_idc: 0
Nov 03, 2024 12:25:31.221 [281472943714360] DEBUG - [FFMPEG] - nal_unit_type: 1(Coded slice of a non-IDR picture), nal_ref_idc: 2
Nov 03, 2024 12:25:31.221 [281472943714360] DEBUG - [FFMPEG] - nal_unit_type: 1(Coded slice of a non-IDR picture), nal_ref_idc: 2
Nov 03, 2024 12:25:31.221 [281472943714360] DEBUG - [FFMPEG] - nal_unit_type: 1(Coded slice of a non-IDR picture), nal_ref_idc: 0
Nov 03, 2024 12:25:31.222 [281472943714360] DEBUG - [FFMPEG] - nal_unit_type: 1(Coded slice of a non-IDR picture), nal_ref_idc: 0
Nov 03, 2024 12:25:31.222 [281472943714360] DEBUG - [FFMPEG] - All info found
Nov 03, 2024 12:25:31.222 [281472943714360] DEBUG - [FFMPEG] - After avformat_find_stream_info() pos: 6915 bytes read:32768 seeks:0 frames:26
Nov 03, 2024 12:25:31.225 [281472943714360] DEBUG - [MI]  * abd96ad1cb4df385a2003efbf8110a010680388c [mkv h264/aac] Duration: 5965643ms, 1280x532 (2.404523) 23.976fps, bitrate=1120kbps, audio channels=2, optimizedForStreaming=0 ("/movies/A Quiet Place - Day One (2024)/A.Quiet.Place.Day.One.2024.720p.WEBRip.800MB.x264-GalaxyRG[TGx].mkv")
Nov 03, 2024 12:25:31.225 [281472943714360] DEBUG - [MI] Chapters had generic titles, clearing.
Nov 03, 2024 12:25:31.225 [281472943714360] DEBUG - [MI] Closing input file: "/movies/A Quiet Place - Day One (2024)/A.Quiet.Place.Day.One.2024.720p.WEBRip.800MB.x264-GalaxyRG[TGx].mkv"
Nov 03, 2024 12:25:31.225 [281472943714360] DEBUG - Committing media stream changes for part 23
Nov 03, 2024 12:25:31.226 [281472943714360] DEBUG - Updating media item 23, size=835834315, metadata_item_id=9
Nov 03, 2024 12:25:31.226 [281472943714360] DEBUG - Updating part with ID=23 [/movies/A Quiet Place - Day One (2024)/A.Quiet.Place.Day.One.2024.720p.WEBRip.800MB.x264-GalaxyRG[TGx].mkv]
Nov 03, 2024 12:25:31.229 [281472852364792] DEBUG - [HCl#2] HTTP requesting GET http://127.0.0.1:32400/:/metadata/notify/changeItemState?librarySectionID=4&metadataItemID=9&metadataType=1&state=-1&parentID=-1&rootID=-1&mediaState=analyzing
Nov 03, 2024 12:25:31.229 [281472853695992] DEBUG - [HttpClient/HCl#2] HTTP/1.1 (0.0s) 200 response from GET http://127.0.0.1:32400/:/metadata/notify/changeItemState?librarySectionID=4&metadataItemID=9&metadataType=1&state=-1&parentID=-1&rootID=-1&mediaState=analyzing (reused)
Nov 03, 2024 12:25:31.229 [281472852364792] DEBUG - [HCl#3] HTTP requesting GET http://127.0.0.1:32400/:/metadata/notify/changeItemState?librarySectionID=4&metadataItemID=9&metadataType=1&state=-1&parentID=-1&rootID=-1&mediaState=idle
Nov 03, 2024 12:25:31.230 [281472853695992] DEBUG - [HttpClient/HCl#3] HTTP/1.1 (0.0s) 200 response from GET http://127.0.0.1:32400/:/metadata/notify/changeItemState?librarySectionID=4&metadataItemID=9&metadataType=1&state=-1&parentID=-1&rootID=-1&mediaState=idle (reused)
Nov 03, 2024 12:25:31.230 [281472943714360] DEBUG - Downloading document http://127.0.0.1:32400/library/changestamp
Nov 03, 2024 12:25:31.230 [281472943714360] DEBUG - [HCl#4] HTTP requesting GET http://127.0.0.1:32400/library/changestamp
Nov 03, 2024 12:25:31.230 [281472853695992] DEBUG - [HttpClient/HCl#4] HTTP/1.1 (0.0s) 200 response from GET http://127.0.0.1:32400/library/changestamp (reused)
Nov 03, 2024 12:25:31.231 [281472943714360] DEBUG - Updating metadata item (save) (A Quiet Place: Day One) with ID 9
