2024-11-03 11:56:35,121 (ffffb02df890) :  INFO (core:349) - Starting framework core - Version: 2.6.3, Build: af5eaea (Fri Sep 27 16:40:55 UTC 2024)
2024-11-03 11:56:35,122 (ffffb02df890) :  DEBUG (core:361) - Using the elevated policy
2024-11-03 11:56:35,122 (ffffb02df890) :  DEBUG (core:365) - Extending whitelist: ['cgi', 'tempfile']
2024-11-03 11:56:35,123 (ffffb02df890) :  DEBUG (core:450) - Starting runtime component.
2024-11-03 11:56:35,125 (ffffb02df890) :  DEBUG (core:450) - Starting caching component.
2024-11-03 11:56:35,128 (ffffb02df890) :  DEBUG (core:450) - Starting data component.
2024-11-03 11:56:35,132 (ffffb02df890) :  DEBUG (core:450) - Starting networking component.
2024-11-03 11:56:35,142 (ffffb02df890) :  DEBUG (networking:262) - Loaded HTTP cookies
2024-11-03 11:56:35,152 (ffffb02df890) :  DEBUG (networking:434) - Setting the default network timeout to 20.0
2024-11-03 11:56:35,155 (ffffb02df890) :  DEBUG (core:450) - Starting localization component.
2024-11-03 11:56:35,157 (ffffb02df890) :  INFO (localization:409) - Setting the default locale to en-us
2024-11-03 11:56:35,160 (ffffb02df890) :  WARNING (data:179) - Error decoding with simplejson, using demjson instead (this will cause a performance hit) - Expecting property name enclosed in double quotes: line 26 column 1 (char 1078)
2024-11-03 11:56:35,162 (ffffb02df890) :  DEBUG (localization:427) - Loaded en strings
2024-11-03 11:56:35,163 (ffffb02df890) :  DEBUG (core:450) - Starting messaging component.
2024-11-03 11:56:35,163 (ffffb02df890) :  DEBUG (core:450) - Starting debugging component.
2024-11-03 11:56:35,164 (ffffb02df890) :  DEBUG (core:450) - Starting services component.
2024-11-03 11:56:35,168 (ffffb02df890) :  DEBUG (core:450) - Starting myplex component.
2024-11-03 11:56:35,169 (ffffb02df890) :  DEBUG (core:450) - Starting notifications component.
2024-11-03 11:56:35,282 (ffffb02df890) :  DEBUG (accessor:68) - Creating a new model access point for provider com.plexapp.system in namespace 'metadata'
2024-11-03 11:56:35,297 (ffffacc90b08) :  DEBUG (services:265) - Plug-in is not daemonized - loading services from system
2024-11-03 11:56:35,297 (ffffb02df890) :  DEBUG (runtime:1117) - Created a thread named 'load_all_services'
2024-11-03 11:56:35,299 (ffffb02df890) :  DEBUG (runtime:1117) - Created a thread named 'get_server_info'
2024-11-03 11:56:35,301 (ffffb02df890) :  DEBUG (core:150) - Finished starting framework core
2024-11-03 11:56:35,302 (ffffb02df890) :  DEBUG (core:560) - Loading plug-in code
2024-11-03 11:56:35,302 (ffffacc4ab08) :  DEBUG (networking:144) - Requesting 'http://127.0.0.1:32400'
2024-11-03 11:56:35,300 (ffffacc90b08) :  DEBUG (networking:144) - Requesting 'http://127.0.0.1:32400/:/plugins/com.plexapp.system/messaging/function/X0J1bmRsZVNlcnZpY2U6QWxsU2VydmljZXM_/Y2VyZWFsMQoxCmxpc3QKMApyMAo_/Y2VyZWFsMQoxCmRpY3QKMApyMAo_'
2024-11-03 11:56:35,312 (ffffacc4ab08) :  ERROR (networking:197) - Error opening URL 'http://127.0.0.1:32400'
2024-11-03 11:56:35,312 (ffffacc90b08) :  ERROR (networking:197) - Error opening URL 'http://127.0.0.1:32400/:/plugins/com.plexapp.system/messaging/function/X0J1bmRsZVNlcnZpY2U6QWxsU2VydmljZXM_/Y2VyZWFsMQoxCmxpc3QKMApyMAo_/Y2VyZWFsMQoxCmRpY3QKMApyMAo_'
2024-11-03 11:56:35,316 (ffffacc90b08) :  ERROR (services:272) - Unable to load services from system. Loading from the current bundle only.
2024-11-03 11:56:35,316 (ffffacc90b08) :  DEBUG (services:362) - Loaded services
2024-11-03 11:56:35,315 (ffffb02df890) :  DEBUG (core:566) - Finished loading plug-in code
2024-11-03 11:56:35,317 (ffffb02df890) :  DEBUG (runtime:640) - Adding a prefix handler for 'System' ('/system')
2024-11-03 11:56:35,315 (ffffacc4ab08) :  WARNING (core:541) - Unable to retrieve the machine identifier or server version.
2024-11-03 11:56:35,318 (ffffacc6db08) :  DEBUG (services:438) - No shared code to load
2024-11-03 11:56:35,588 (ffffb02df890) :  INFO (__init__:35) - Starting System af5eaea (Fri Sep 27 16:40:55 UTC 2024)
2024-11-03 11:56:35,590 (ffffb02df890) :  DEBUG (runtime:640) - Adding a prefix handler for 'Player' ('/player')
2024-11-03 11:56:35,595 (ffffb02df890) :  INFO (datakit:93) - Loaded the dictionary file
2024-11-03 11:56:35,597 (ffffb02df890) :  DEBUG (agentservice:52) - Starting the agent service
2024-11-03 11:56:35,649 (ffffb02df890) :  DEBUG (accessor:68) - Creating a new model access point for provider com.plexapp.system in namespace 'metadata'
2024-11-03 11:56:35,659 (ffffb02df890) :  DEBUG (bundleservice:65) - Starting the bundle service
2024-11-03 11:56:35,662 (ffffb02df890) :  DEBUG (runtime:1117) - Created a thread named 'start'
2024-11-03 11:56:35,663 (ffffb02df890) :  DEBUG (playerservice:12) - Starting the player service
2024-11-03 11:56:35,664 (ffffb02df890) :  DEBUG (flagservice:13) - Starting the media flag service
2024-11-03 11:56:35,666 (ffffb02df890) :  DEBUG (runtime:1117) - Created a thread named 'start'
2024-11-03 11:56:35,667 (ffffb02df890) :  DEBUG (peerservice:141) - Starting the peer service
2024-11-03 11:56:35,667 (ffffaca47b08) :  DEBUG (peerservice:164) - Fetching the current list of servers
2024-11-03 11:56:35,667 (ffffb02df890) :  DEBUG (runtime:1117) - Created a thread named 'refresh_servers'
2024-11-03 11:56:35,666 (ffffaca8db08) :  DEBUG (runtime:1117) - Created a thread named 'ensure_agent_info_exists_inner'
2024-11-03 11:56:35,669 (ffffb02df890) :  DEBUG (runtime:1150) - Scheduled a timed thread named 'refresh_servers'
2024-11-03 11:56:35,670 (ffffb02df890) :  DEBUG (streamservice:18) - Starting the stream service
2024-11-03 11:56:35,671 (ffffb02df890) :  CRITICAL (runtime:709) - Private handlers are no longer supported; couldn't register <bound method StreamService.token_handler of <streamservice.StreamService object at 0xffffac88fd90>>
2024-11-03 11:56:35,669 (ffffaca47b08) :  DEBUG (networking:144) - Requesting 'http://127.0.0.1:32400/servers'
2024-11-03 11:56:35,670 (ffffaca8db08) :  DEBUG (runtime:1117) - Created a thread named 'ensure_agent_info_exists_inner'
2024-11-03 11:56:35,675 (ffffaca8db08) :  DEBUG (runtime:1117) - Created a thread named 'ensure_agent_info_exists_inner'
2024-11-03 11:56:35,674 (ffffaca47b08) :  ERROR (networking:197) - Error opening URL 'http://127.0.0.1:32400/servers'
2024-11-03 11:56:35,672 (ffffb02df890) :  DEBUG (runtime:1150) - Scheduled a timed thread named 'invalidation_timer'
2024-11-03 11:56:35,676 (ffffaca8db08) :  DEBUG (runtime:1117) - Created a thread named 'ensure_agent_info_exists_inner'
2024-11-03 11:56:35,679 (ffffaca47b08) :  CRITICAL (runtime:1128) - Exception in thread named 'refresh_servers' (most recent call last):
  File "/usr/lib/plexmediaserver/Resources/Plug-ins-af5eaea7a/Framework.bundle/Contents/Resources/Versions/2/Python/Framework/components/runtime.py", line 1126, in _start_thread
    f(*args, **kwargs)
  File "/usr/lib/plexmediaserver/Resources/Plug-ins-af5eaea7a/System.bundle/Contents/Code/peerservice.py", line 169, in refresh_servers
    servers_el = self.get_servers_el()
  File "/usr/lib/plexmediaserver/Resources/Plug-ins-af5eaea7a/System.bundle/Contents/Code/peerservice.py", line 165, in get_servers_el
    return XML.ElementFromURL('http://127.0.0.1:32400/servers', cacheTime = 0)
  File "/usr/lib/plexmediaserver/Resources/Plug-ins-af5eaea7a/Framework.bundle/Contents/Resources/Versions/2/Python/Framework/api/parsekit.py", line 344, in ElementFromURL
    method=method,
  File "/usr/lib/plexmediaserver/Resources/Plug-ins-af5eaea7a/Framework.bundle/Contents/Resources/Versions/2/Python/Framework/api/networkkit.py", line 67, in _http_request
    req = self._core.networking.http_request(url, *args, **kwargs)
  File "/usr/lib/plexmediaserver/Resources/Plug-ins-af5eaea7a/Framework.bundle/Contents/Resources/Versions/2/Python/Framework/components/networking.py", line 352, in http_request
    return HTTPRequest(self._core, url, data, h, url_cache, encoding, errors, timeout, immediate, sleep, opener, follow_redirects, method)
  File "/usr/lib/plexmediaserver/Resources/Plug-ins-af5eaea7a/Framework.bundle/Contents/Resources/Versions/2/Python/Framework/components/networking.py", line 119, in __init__
    self.load()
  File "/usr/lib/plexmediaserver/Resources/Plug-ins-af5eaea7a/Framework.bundle/Contents/Resources/Versions/2/Python/Framework/components/networking.py", line 159, in load
    f = self._opener.open(req, timeout=self._timeout)
  File "/usr/lib/plexmediaserver/Resources/Python/python27.zip/urllib2.py", line 435, in open
    response = meth(req, response)
  File "/usr/lib/plexmediaserver/Resources/Python/python27.zip/urllib2.py", line 548, in http_response
    'http', request, response, code, msg, hdrs)
  File "/usr/lib/plexmediaserver/Resources/Python/python27.zip/urllib2.py", line 473, in error
    return self._call_chain(*args)
  File "/usr/lib/plexmediaserver/Resources/Python/python27.zip/urllib2.py", line 407, in _call_chain
    result = func(*args)
  File "/usr/lib/plexmediaserver/Resources/Python/python27.zip/urllib2.py", line 556, in http_error_default
    raise HTTPError(req.get_full_url(), code, msg, hdrs, fp)
HTTPError: HTTP Error 503: Service Unavailable

2024-11-03 11:56:35,679 (ffffb02df890) :  DEBUG (proxyservice:12) - Starting the proxy service
2024-11-03 11:56:35,680 (ffffaca8db08) :  DEBUG (runtime:1117) - Created a thread named 'ensure_agent_info_exists_inner'
2024-11-03 11:56:35,682 (ffffaca8db08) :  DEBUG (runtime:1117) - Created a thread named 'ensure_agent_info_exists_inner'
2024-11-03 11:56:35,682 (ffffb02df890) :  DEBUG (runtime:1117) - Created a thread named 'update_attribution_flags_inner'
2024-11-03 11:56:35,683 (ffffaca8db08) :  DEBUG (runtime:1117) - Created a thread named 'ensure_agent_info_exists_inner'
2024-11-03 11:56:35,683 (ffffb02df890) :  INFO (core:611) - Started plug-in
2024-11-03 11:56:35,684 (ffffaca8db08) :  DEBUG (runtime:1117) - Created a thread named 'ensure_agent_info_exists_inner'
2024-11-03 11:56:35,685 (ffffaca8db08) :  INFO (bundleservice:131) - Found duplicate identifier at /usr/lib/plexmediaserver/Resources/Plug-ins-af5eaea7a/TheTVDBv4.bundle for bundled plugin (com.plexapp.agents.thetvdb), ignoring duplicate plugin.
2024-11-03 11:56:35,684 (ffffb02df890) :  DEBUG (socketinterface:160) - Starting socket server
2024-11-03 11:56:35,685 (ffffaca8db08) :  DEBUG (runtime:1117) - Created a thread named 'ensure_agent_info_exists_inner'
2024-11-03 11:56:35,686 (ffffb02df890) :  DEBUG (runtime:1117) - Created a thread named 'start'
2024-11-03 11:56:35,688 (ffffaca8db08) :  DEBUG (runtime:1117) - Created a thread named 'ensure_agent_info_exists_inner'
2024-11-03 11:56:35,688 (ffffb02df890) :  INFO (socketinterface:184) - Socket server started on port 35869
2024-11-03 11:56:35,690 (ffffb02df890) :  INFO (pipeinterface:25) - Entering run loop
2024-11-03 11:56:35,690 (ffffaca8db08) :  DEBUG (runtime:1117) - Created a thread named 'ensure_agent_info_exists_inner'
2024-11-03 11:56:35,690 (ffffb02df890) :  DEBUG (runtime:717) - Handling request GET /:/prefixes
2024-11-03 11:56:35,691 (ffffaca8db08) :  DEBUG (runtime:1117) - Created a thread named 'ensure_agent_info_exists_inner'
2024-11-03 11:56:35,693 (ffffaca8db08) :  DEBUG (runtime:1117) - Created a thread named 'ensure_agent_info_exists_inner'
2024-11-03 11:56:35,694 (ffffaca8db08) :  DEBUG (runtime:1117) - Created a thread named 'remove_unavailable_agents'
2024-11-03 11:56:35,694 (ffffb02df890) :  DEBUG (runtime:814) - Found route matching /:/prefixes
2024-11-03 11:56:35,694 (ffffaca8db08) :  DEBUG (bundleservice:81) - Started the bundle service
2024-11-03 11:56:35,696 (ffffaca6ab08) :  DEBUG (flagservice:46) - Started the media flag service
2024-11-03 11:56:35,697 (ffffaca47b08) :  INFO (agentservice:129) - Agent info: {'com.plexapp.agents.fanarttv': [{'media_types': ['Movie'], 'primary_provider': False, 'fallback_agent': None, 'contributes_to': ['com.plexapp.agents.imdb', 'com.plexapp.agents.themoviedb'], 'has_attribution': True, 'languages': ['xn'], 'persist_stored_files': True, 'version': 0, 'accepts_from': None, 'prefs': True, 'name': 'Fanart.tv'}, {'media_types': ['TV_Show'], 'primary_provider': False, 'fallback_agent': None, 'contributes_to': ['com.plexapp.agents.thetvdb', 'com.plexapp.agents.themoviedb'], 'has_attribution': True, 'languages': ['xn'], 'persist_stored_files': True, 'version': 0, 'accepts_from': None, 'prefs': True, 'name': 'Fanart.tv'}, {'media_types': ['Artist'], 'primary_provider': False, 'fallback_agent': None, 'contributes_to': ['com.plexapp.agents.lastfm'], 'has_attribution': True, 'languages': ['xn'], 'persist_stored_files': True, 'version': 0, 'accepts_from': None, 'prefs': True, 'name': 'Fanart.tv'}, {'media_types': ['Album'], 'primary_provider': False, 'fallback_agent': None, 'contributes_to': ['com.plexapp.agents.lastfm'], 'has_attribution': True, 'languages': ['xn'], 'persist_stored_files': True, 'version': 0, 'accepts_from': None, 'prefs': True, 'name': 'Fanart.tv'}], 'com.plexapp.agents.none': [{'media_types': ['Movie'], 'primary_provider': True, 'fallback_agent': None, 'contributes_to': None, 'has_attribution': False, 'languages': ['xn'], 'persist_stored_files': True, 'version': 0, 'accepts_from': None, 'prefs': False, 'name': 'Personal Media'}, {'media_types': ['TV_Show'], 'primary_provider': True, 'fallback_agent': None, 'contributes_to': None, 'has_attribution': False, 'languages': ['xn'], 'persist_stored_files': True, 'version': 0, 'accepts_from': None, 'prefs': False, 'name': 'Personal Media Shows'}, {'media_types': ['Artist'], 'primary_provider': True, 'fallback_agent': None, 'contributes_to': None, 'has_attribution': False, 'languages': ['xn'], 'persist_stored_files': True, 'version': 0, 'accepts_from': None, 'prefs': False, 'name': 'Personal Media Artists'}, {'media_types': ['Album'], 'primary_provider': True, 'fallback_agent': None, 'contributes_to': None, 'has_attribution': False, 'languages': ['xn'], 'persist_stored_files': True, 'version': 0, 'accepts_from': None, 'prefs': False, 'name': 'Personal Media Albums'}, {'media_types': ['Photo'], 'primary_provider': True, 'fallback_agent': None, 'contributes_to': None, 'has_attribution': False, 'languages': ['en', 'ar', 'bg', 'ca', 'cs', 'cy', 'da', 'de', 'el', 'es', 'et', 'fa', 'fi', 'fr', 'he', 'hi', 'hr', 'ht', 'hu', 'id', 'it', 'ja', 'ko', 'lt', 'lv', 'ms', 'mt', 'nl', 'no', 'pl', 'pt', 'ro', 'ru', 'sk', 'sv', 'sl', 'sr', 'th', 'tr', 'uk', 'ur', 'vi', 'zh', 'xn'], 'persist_stored_files': True, 'version': 0, 'accepts_from': None, 'prefs': False, 'name': 'Photos'}], 'com.plexapp.agents.htbackdrops': [{'media_types': ['Artist'], 'primary_provider': False, 'fallback_agent': None, 'contributes_to': ['com.plexapp.agents.lastfm'], 'has_attribution': True, 'languages': ['ab', 'aa', 'af', 'ak', 'sq', 'am', 'ar', 'an', 'hy', 'as', 'av', 'ae', 'ay', 'az', 'bm', 'ba', 'eu', 'be', 'bn', 'bh', 'bi', 'bs', 'pb', 'br', 'bg', 'my', 'ca', 'ch', 'ce', 'ny', 'zh', 'cu', 'cv', 'kw', 'co', 'cr', 'hr', 'cs', 'da', 'dv', 'nl', 'dz', 'en', 'eo', 'et', 'ee', 'fo', 'fj', 'fi', 'fr', 'fy', 'ff', 'gd', 'gl', 'lg', 'ka', 'de', 'el', 'gn', 'gu', 'ht', 'ha', 'he', 'hz', 'hi', 'ho', 'hu', 'is', 'io', 'ig', 'id', 'ia', 'ie', 'iu', 'ik', 'ga', 'it', 'ja', 'jv', 'kl', 'kn', 'kr', 'ks', 'kk', 'km', 'ki', 'rw', 'ky', 'kv', 'kg', 'ko', 'kj', 'ku', 'lo', 'la', 'lv', 'li', 'ln', 'lt', 'lu', 'lb', 'mk', 'mg', 'ms', 'ml', 'mt', 'gv', 'mi', 'mr', 'mh', 'mo', 'mn', 'na', 'nv', 'ng', 'ne', 'xn', 'nd', 'no', 'nb', 'nn', 'oc', 'oj', 'or', 'om', 'os', 'pi', 'pa', 'fa', 'pl', 'pt', 'ps', 'qu', 'rm', 'ro', 'rn', 'ru', 'se', 'sm', 'sg', 'sa', 'sc', 'sr', 'sn', 'ii', 'sd', 'si', 'sk', 'sl', 'so', 'st', 'nr', 'es', 'su', 'sw', 'ss', 'sv', 'tl', 'ty', 'tg', 'ta', 'tt', 'te', 'th', 'bo', 'ti', 'to', 'ts', 'tn', 'tr', 'tk', 'tw', 'ug', 'uk', 'ur', 'uz', 've', 'vi', 'vo', 'wa', 'cy', 'wo', 'xh', 'yi', 'yo', 'za', 'zu'], 'persist_stored_files': True, 'version': 0, 'accepts_from': None, 'prefs': False, 'name': 'Home Theater Backdrops'}], 'com.plexapp.agents.imdb': [{'media_types': ['Movie'], 'accepts_from': ['com.plexapp.agents.localmedia'], 'fallback_agent': None, 'contributes_to': ['com.plexapp.agents.themoviedb'], 'has_attribution': True, 'languages': ['en', 'sv', 'fr', 'es', 'nl', 'de', 'it', 'da', 'ar', 'ca', 'zh', 'cs', 'et', 'fi', 'el', 'he', 'hi', 'hu', 'id', 'ja', 'ko', 'lv', 'no', 'fa', 'pl', 'pt', 'ro', 'ru', 'sk', 'th', 'tr', 'uk', 'vi'], 'persist_stored_files': True, 'version': 0, 'primary_provider': True, 'prefs': True, 'name': 'Plex Movie (Legacy)'}], 'com.plexapp.agents.lyricfind': [{'media_types': ['Album'], 'accepts_from': None, 'fallback_agent': None, 'contributes_to': ['com.plexapp.agents.lastfm', 'tv.plex.agents.music', 'org.musicbrainz.agents.music'], 'has_attribution': True, 'languages': ['xn'], 'persist_stored_files': True, 'version': 0, 'primary_provider': False, 'prefs': False, 'name': 'LyricFind'}], 'com.plexapp.agents.thetvdb': [{'media_types': ['TV_Show'], 'accepts_from': None, 'fallback_agent': None, 'contributes_to': None, 'has_attribution': True, 'languages': ['en', 'fr', 'zh', 'sv', 'no', 'da', 'fi', 'nl', 'de', 'it', 'es', 'pl', 'hu', 'el', 'tr', 'ru', 'he', 'ja', 'pt', 'cs', 'ko', 'sl', 'hr'], 'persist_stored_files': True, 'version': 0, 'primary_provider': True, 'prefs': True, 'name': 'TheTVDB'}], 'com.plexapp.agents.lastfm': [{'media_types': ['Artist'], 'primary_provider': True, 'fallback_agent': None, 'contributes_to': None, 'has_attribution': True, 'languages': ['en', 'sv', 'fr', 'es', 'de', 'pl', 'it', 'pt', 'ja', 'tr', 'ru', 'zh'], 'persist_stored_files': True, 'version': 0, 'accepts_from': None, 'prefs': True, 'name': 'Last.fm'}, {'media_types': ['Album'], 'primary_provider': True, 'fallback_agent': None, 'contributes_to': None, 'has_attribution': True, 'languages': ['en', 'sv', 'fr', 'es', 'de', 'pl', 'it', 'pt', 'ja', 'tr', 'ru', 'zh'], 'persist_stored_files': True, 'version': 0, 'accepts_from': None, 'prefs': True, 'name': 'Last.fm'}], 'org.musicbrainz.agents.music': [{'media_types': ['Artist'], 'primary_provider': True, 'fallback_agent': None, 'contributes_to': None, 'has_attribution': True, 'languages': ['en', 'ar', 'bg', 'zh', 'hr', 'cs', 'da', 'nl', 'fi', 'fr', 'de', 'el', 'hu', 'id', 'it', 'ja', 'ko', 'nn', 'pl', 'pt', 'ro', 'ru', 'sr', 'sk', 'es', 'sv', 'th', 'tr', 'vi', 'xx'], 'persist_stored_files': True, 'version': 0, 'accepts_from': None, 'prefs': True, 'name': 'Musicbrainz'}, {'media_types': ['Album'], 'primary_provider': True, 'fallback_agent': None, 'contributes_to': None, 'has_attribution': True, 'languages': ['en', 'ar', 'bg', 'zh', 'hr', 'cs', 'da', 'nl', 'fi', 'fr', 'de', 'el', 'hu', 'id', 'it', 'ja', 'ko', 'nn', 'pl', 'pt', 'ro', 'ru', 'sr', 'sk', 'es', 'sv', 'th', 'tr', 'vi', 'xx'], 'persist_stored_files': True, 'version': 0, 'accepts_from': None, 'prefs': True, 'name': 'Musicbrainz'}], 'com.plexapp.agents.themoviedb': [{'media_types': ['Movie'], 'primary_provider': True, 'fallback_agent': None, 'contributes_to': None, 'has_attribution': True, 'languages': ['en', 'cs', 'da', 'de', 'el', 'es', 'fi', 'fr', 'he', 'hr', 'hu', 'it', 'lv', 'lt', 'nl', 'no', 'pl', 'pt', 'ru', 'sk', 'sv', 'th', 'tr', 'vi', 'zh', 'ko'], 'persist_stored_files': True, 'version': 0, 'accepts_from': ['com.plexapp.agents.localmedia'], 'prefs': True, 'name': 'The Movie Database'}, {'media_types': ['TV_Show'], 'primary_provider': True, 'fallback_agent': None, 'contributes_to': ['com.plexapp.agents.thetvdb'], 'has_attribution': True, 'languages': ['en', 'cs', 'da', 'de', 'el', 'es', 'fi', 'fr', 'he', 'hr', 'hu', 'it', 'lv', 'lt', 'nl', 'no', 'pl', 'pt', 'ru', 'sk', 'sv', 'th', 'tr', 'vi', 'zh', 'ko'], 'persist_stored_files': True, 'version': 0, 'accepts_from': ['com.plexapp.agents.localmedia', 'com.plexapp.agents.thetvdb'], 'prefs': True, 'name': 'The Movie Database'}], 'com.plexapp.agents.movieposterdb': [{'media_types': ['Movie'], 'accepts_from': None, 'fallback_agent': None, 'contributes_to': ['com.plexapp.agents.imdb'], 'has_attribution': True, 'languages': ['xn'], 'persist_stored_files': True, 'version': 0, 'primary_provider': False, 'prefs': False, 'name': 'CineMaterial'}], 'com.plexapp.agents.localmedia': [{'media_types': ['Movie'], 'accepts_from': None, 'fallback_agent': None, 'contributes_to': ['com.plexapp.agents.imdb', 'com.plexapp.agents.none'], 'has_attribution': False, 'languages': ['xn'], 'persist_stored_files': False, 'version': 0, 'primary_provider': False, 'prefs': True, 'name': 'Local Media Assets (Movies)'}, {'media_types': ['TV_Show'], 'accepts_from': None, 'fallback_agent': None, 'contributes_to': ['com.plexapp.agents.thetvdb', 'com.plexapp.agents.none'], 'has_attribution': False, 'languages': ['xn'], 'persist_stored_files': False, 'version': 0, 'primary_provider': False, 'prefs': True, 'name': 'Local Media Assets (TV)'}, {'media_types': ['Artist'], 'accepts_from': None, 'fallback_agent': None, 'contributes_to': ['com.plexapp.agents.discogs', 'com.plexapp.agents.lastfm', 'com.plexapp.agents.plexmusic', 'com.plexapp.agents.none', 'tv.plex.agents.music', 'org.musicbrainz.agents.music'], 'has_attribution': False, 'languages': ['xn'], 'persist_stored_files': False, 'version': 0, 'primary_provider': False, 'prefs': True, 'name': 'Local Media Assets (Artists)'}, {'media_types': ['Artist'], 'accepts_from': None, 'fallback_agent': None, 'contributes_to': ['com.plexapp.agents.plexmusic'], 'has_attribution': False, 'languages': ['xn'], 'persist_stored_files': False, 'version': 2, 'primary_provider': False, 'prefs': True, 'name': 'Local Media Assets (Artists)'}, {'media_types': ['Album'], 'accepts_from': None, 'fallback_agent': None, 'contributes_to': ['com.plexapp.agents.discogs', 'com.plexapp.agents.lastfm', 'com.plexapp.agents.plexmusic', 'com.plexapp.agents.none', 'tv.plex.agents.music', 'org.musicbrainz.agents.music'], 'has_attribution': False, 'languages': ['xn'], 'persist_stored_files': False, 'version': 0, 'primary_provider': False, 'prefs': True, 'name': 'Local Media Assets (Albums)'}], 'com.plexapp.agents.plexthememusic': [{'media_types': ['TV_Show'], 'accepts_from': None, 'fallback_agent': None, 'contributes_to': ['com.plexapp.agents.thetvdb', 'com.plexapp.agents.thetvdbdvdorder', 'com.plexapp.agents.themoviedb'], 'has_attribution': False, 'languages': ['xn'], 'persist_stored_files': True, 'version': 0, 'primary_provider': False, 'prefs': False, 'name': 'Plex Theme Music'}]}
2024-11-03 11:56:35,699 (ffffb02df890) :  DEBUG (runtime:924) - Response: [200] MediaContainer, 486 bytes
2024-11-03 11:56:35,699 (ffffac470b08) :  DEBUG (runtime:1117) - Created a thread named 'ensure_agent_info_exists_inner'
2024-11-03 11:56:35,708 (ffffaca8db08) :  DEBUG (runtime:717) - Handling request GET /system/agents
2024-11-03 11:56:35,713 (ffffaca47b08) :  INFO (datakit:131) - Saved the dictionary file
2024-11-03 11:56:35,718 (ffffaca8db08) :  DEBUG (runtime:814) - Found route matching /system/agents
2024-11-03 11:56:35,723 (ffffaca8db08) :  DEBUG (runtime:1117) - Created a thread named 'ensure_agent_info_exists_inner'
2024-11-03 11:56:35,728 (ffffaca8db08) :  DEBUG (runtime:924) - Response: [200] MediaContainer, 8986 bytes
2024-11-03 11:56:36,566 (ffffaca8db08) :  DEBUG (runtime:717) - Handling request GET /system/messaging/clear_events/com.plexapp.agents.imdb
2024-11-03 11:56:36,568 (ffffaca8db08) :  DEBUG (runtime:814) - Found route matching /system/messaging/clear_events/com.plexapp.agents.imdb
2024-11-03 11:56:36,568 (ffffaca8db08) :  DEBUG (runtime:88) - Sending packed state data (99 bytes)
2024-11-03 11:56:36,569 (ffffaca8db08) :  DEBUG (runtime:924) - Response: [200] str, 0 bytes
2024-11-03 11:56:36,652 (ffffaca8db08) :  DEBUG (runtime:717) - Handling request GET /:/plugins/com.plexapp.system/resourceHashes
2024-11-03 11:56:36,656 (ffffaca8db08) :  DEBUG (runtime:814) - Found route matching /:/plugins/com.plexapp.system/resourceHashes
2024-11-03 11:56:36,657 (ffffaca8db08) :  DEBUG (networking:144) - Requesting 'http://resources-cdn.plexapp.com/hashes.json'
2024-11-03 11:56:36,718 (ffffaca8db08) :  ERROR (networking:197) - Error opening URL 'http://resources-cdn.plexapp.com/hashes.json'
2024-11-03 11:56:36,720 (ffffaca8db08) :  CRITICAL (runtime:1299) - Exception getting hosted resource hashes (most recent call last):
  File "/usr/lib/plexmediaserver/Resources/Plug-ins-af5eaea7a/Framework.bundle/Contents/Resources/Versions/2/Python/Framework/components/runtime.py", line 1291, in get_resource_hashes
    json = self._core.networking.http_request("http://resources-cdn.plexapp.com/hashes.json", timeout=5).content
  File "/usr/lib/plexmediaserver/Resources/Plug-ins-af5eaea7a/Framework.bundle/Contents/Resources/Versions/2/Python/Framework/components/networking.py", line 243, in content
    return self.__str__()
  File "/usr/lib/plexmediaserver/Resources/Plug-ins-af5eaea7a/Framework.bundle/Contents/Resources/Versions/2/Python/Framework/components/networking.py", line 221, in __str__
    self.load()
  File "/usr/lib/plexmediaserver/Resources/Plug-ins-af5eaea7a/Framework.bundle/Contents/Resources/Versions/2/Python/Framework/components/networking.py", line 159, in load
    f = self._opener.open(req, timeout=self._timeout)
  File "/usr/lib/plexmediaserver/Resources/Python/python27.zip/urllib2.py", line 435, in open
    response = meth(req, response)
  File "/usr/lib/plexmediaserver/Resources/Python/python27.zip/urllib2.py", line 548, in http_response
    'http', request, response, code, msg, hdrs)
  File "/usr/lib/plexmediaserver/Resources/Python/python27.zip/urllib2.py", line 473, in error
    return self._call_chain(*args)
  File "/usr/lib/plexmediaserver/Resources/Python/python27.zip/urllib2.py", line 407, in _call_chain
    result = func(*args)
  File "/usr/lib/plexmediaserver/Resources/Python/python27.zip/urllib2.py", line 556, in http_error_default
    raise HTTPError(req.get_full_url(), code, msg, hdrs, fp)
HTTPError: HTTP Error 404: Not Found

2024-11-03 11:56:36,725 (ffffaca8db08) :  DEBUG (runtime:88) - Sending packed state data (99 bytes)
2024-11-03 11:56:36,728 (ffffaca8db08) :  DEBUG (runtime:924) - Response: [404] NoneType, 0 bytes
2024-11-03 11:56:36,790 (ffffaca8db08) :  DEBUG (runtime:717) - Handling request GET /:/plugins/com.plexapp.system/messaging/function/X0J1bmRsZVNlcnZpY2U6QWxsU2VydmljZXM_/Y2VyZWFsMQoxCmxpc3QKMApyMAo_/Y2VyZWFsMQoxCmRpY3QKMApyMAo_
2024-11-03 11:56:36,791 (ffffaca8db08) :  DEBUG (runtime:49) - Received packed state data (80 bytes)
2024-11-03 11:56:36,795 (ffffaca8db08) :  DEBUG (runtime:814) - Found route matching /:/plugins/com.plexapp.system/messaging/function/X0J1bmRsZVNlcnZpY2U6QWxsU2VydmljZXM_/Y2VyZWFsMQoxCmxpc3QKMApyMAo_/Y2VyZWFsMQoxCmRpY3QKMApyMAo_
2024-11-03 11:56:36,796 (ffffaca8db08) :  DEBUG (runtime:88) - Sending packed state data (99 bytes)
2024-11-03 11:56:36,796 (ffffaca8db08) :  DEBUG (runtime:924) - Response: [200] str, 516 bytes
2024-11-03 11:56:37,092 (ffffaca8db08) :  DEBUG (runtime:717) - Handling request GET /:/plugins/com.plexapp.system/messaging/function/X0FnZW50U2VydmljZTpVcGRhdGVJbmZv/Y2VyZWFsMQoxCmxpc3QKMApyMAo_/Y2VyZWFsMQo3CmRpY3QKbGlzdApkaWN0Cmxpc3QKbGlzdApsaXN0Cmxpc3QKMgpzMjMKY29tLnBsZXhhcHAuYWdlbnRzLmltZGJzMTAKaWRlbnRpZmllcnIxCnMxMAphZ2VudF9pbmZvMQpyMgoxMApyMwpzMTEKbWVkaWFfdHlwZXNyNApzMTIKYWNjZXB0c19mcm9tbnMxNApmYWxsYmFja19hZ2VudHI1CnMxNApjb250cmlidXRlc190b3I2CnM5Cmxhbmd1YWdlc2IxczIwCnBlcnNpc3Rfc3RvcmVkX2ZpbGVzaTAKczcKdmVyc2lvbmIxczE2CnByaW1hcnlfcHJvdmlkZXJiMXM1CnByZWZzczE5ClBsZXggTW92aWUgKExlZ2FjeSlzNApuYW1lMQpzNQpNb3ZpZTEKczI5CmNvbS5wbGV4YXBwLmFnZW50cy5sb2NhbG1lZGlhMQpzMjkKY29tLnBsZXhhcHAuYWdlbnRzLnRoZW1vdmllZGIzMwpzMgplbnMyCnN2czIKZnJzMgplc3MyCm5sczIKZGVzMgppdHMyCmRhczIKYXJzMgpjYXMyCnpoczIKY3NzMgpldHMyCmZpczIKZWxzMgpoZXMyCmhpczIKaHVzMgppZHMyCmphczIKa29zMgpsdnMyCm5vczIKZmFzMgpwbHMyCnB0czIKcm9zMgpydXMyCnNrczIKdGhzMgp0cnMyCnVrczIKdmlyMAo_
2024-11-03 11:56:37,094 (ffffaca8db08) :  DEBUG (runtime:49) - Received packed state data (80 bytes)
2024-11-03 11:56:37,095 (ffffaca8db08) :  DEBUG (runtime:814) - Found route matching /:/plugins/com.plexapp.system/messaging/function/X0FnZW50U2VydmljZTpVcGRhdGVJbmZv/Y2VyZWFsMQoxCmxpc3QKMApyMAo_/Y2VyZWFsMQo3CmRpY3QKbGlzdApkaWN0Cmxpc3QKbGlzdApsaXN0Cmxpc3QKMgpzMjMKY29tLnBsZXhhcHAuYWdlbnRzLmltZGJzMTAKaWRlbnRpZmllcnIxCnMxMAphZ2VudF9pbmZvMQpyMgoxMApyMwpzMTEKbWVkaWFfdHlwZXNyNApzMTIKYWNjZXB0c19mcm9tbnMxNApmYWxsYmFja19hZ2VudHI1CnMxNApjb250cmlidXRlc190b3I2CnM5Cmxhbmd1YWdlc2IxczIwCnBlcnNpc3Rfc3RvcmVkX2ZpbGVzaTAKczcKdmVyc2lvbmIxczE2CnByaW1hcnlfcHJvdmlkZXJiMXM1CnByZWZzczE5ClBsZXggTW92aWUgKExlZ2FjeSlzNApuYW1lMQpzNQpNb3ZpZTEKczI5CmNvbS5wbGV4YXBwLmFnZW50cy5sb2NhbG1lZGlhMQpzMjkKY29tLnBsZXhhcHAuYWdlbnRzLnRoZW1vdmllZGIzMwpzMgplbnMyCnN2czIKZnJzMgplc3MyCm5sczIKZGVzMgppdHMyCmRhczIKYXJzMgpjYXMyCnpoczIKY3NzMgpldHMyCmZpczIKZWxzMgpoZXMyCmhpczIKaHVzMgppZHMyCmphczIKa29zMgpsdnMyCm5vczIKZmFzMgpwbHMyCnB0czIKcm9zMgpydXMyCnNrczIKdGhzMgp0cnMyCnVrczIKdmlyMAo_
2024-11-03 11:56:37,099 (ffffaca8db08) :  INFO (agentservice:175) - Receiving agent info from com.plexapp.agents.imdb: [{'media_types': ['Movie'], 'primary_provider': True, 'fallback_agent': None, 'contributes_to': ['com.plexapp.agents.themoviedb'], 'languages': ['en', 'sv', 'fr', 'es', 'nl', 'de', 'it', 'da', 'ar', 'ca', 'zh', 'cs', 'et', 'fi', 'el', 'he', 'hi', 'hu', 'id', 'ja', 'ko', 'lv', 'no', 'fa', 'pl', 'pt', 'ro', 'ru', 'sk', 'th', 'tr', 'uk', 'vi'], 'persist_stored_files': True, 'version': 0, 'accepts_from': ['com.plexapp.agents.localmedia'], 'prefs': True, 'name': 'Plex Movie (Legacy)'}]
2024-11-03 11:56:37,102 (ffffaca8db08) :  DEBUG (runtime:88) - Sending packed state data (99 bytes)
2024-11-03 11:56:37,103 (ffffaca8db08) :  DEBUG (runtime:924) - Response: [200] str, 16 bytes
2024-11-03 11:56:40,720 (ffffaca61b08) :  INFO (datakit:131) - Saved the dictionary file
2024-11-03 11:56:40,788 (ffffaca61b08) :  DEBUG (runtime:717) - Handling request GET /system/notify/serverUpdated?host=127.0.0.1
2024-11-03 11:56:40,790 (ffffaca61b08) :  DEBUG (runtime:814) - Found route matching /system/notify/serverUpdated
2024-11-03 11:56:40,790 (ffffaca61b08) :  DEBUG (peerservice:386) - Handling server update notification (127.0.0.1)
2024-11-03 11:56:40,790 (ffffaca61b08) :  DEBUG (peerservice:189) - Updating servers (True/False True/True/True)
2024-11-03 11:56:40,791 (ffffaca61b08) :  DEBUG (peerservice:164) - Fetching the current list of servers
2024-11-03 11:56:40,791 (ffffaca61b08) :  DEBUG (networking:144) - Requesting 'http://127.0.0.1:32400/servers'
2024-11-03 11:56:40,794 (ffffaca61b08) :  DEBUG (peerservice:198) - Found 1 servers
2024-11-03 11:56:40,794 (ffffaca61b08) :  DEBUG (peerservice:214) - Ignoring 7eddf88e82e335a5d699f4d05742f9d9b9aaf4ba because host != 127.0.0.1 (172.18.0.6)
2024-11-03 11:56:40,795 (ffffaca61b08) :  DEBUG (runtime:924) - Response: [200] str, 0 bytes
2024-11-03 11:58:35,670 (ffffaca24b08) :  DEBUG (runtime:1156) - Starting timed thread named 'refresh_servers'
2024-11-03 11:58:35,670 (ffffaca24b08) :  DEBUG (peerservice:164) - Fetching the current list of servers
2024-11-03 11:58:35,671 (ffffaca24b08) :  DEBUG (networking:144) - Requesting 'http://127.0.0.1:32400/servers'
2024-11-03 11:58:35,676 (ffffaca24b08) :  DEBUG (peerservice:171) - Refreshing local server
2024-11-03 11:58:35,677 (ffffaca24b08) :  DEBUG (peerservice:189) - Updating servers (True/False True/True/True)
2024-11-03 11:58:35,677 (ffffaca24b08) :  DEBUG (peerservice:198) - Found 1 servers
2024-11-03 11:58:35,678 (ffffaca24b08) :  DEBUG (networking:144) - Requesting 'http://127.0.0.1:32400'
2024-11-03 11:58:35,682 (ffffaca24b08) :  DEBUG (core:521) - Attribute 'machineIdentifier' set to '7eddf88e82e335a5d699f4d05742f9d9b9aaf4ba'
2024-11-03 11:58:35,682 (ffffaca24b08) :  DEBUG (peerservice:230) - Creating new server e0296b056cb8 (7eddf88e82e335a5d699f4d05742f9d9b9aaf4ba)
2024-11-03 11:58:35,683 (ffffaca24b08) :  DEBUG (networking:144) - Requesting 'http://127.0.0.1:32400/library/sections'
2024-11-03 11:58:35,687 (ffffaca24b08) :  DEBUG (networking:144) - Requesting 'http://127.0.0.1:32400/channels/all'
2024-11-03 11:58:35,689 (ffffac470b08) :  DEBUG (peerservice:176) - Background-refreshing remote servers
2024-11-03 11:58:35,689 (ffffaca24b08) :  DEBUG (runtime:1117) - Created a thread named 'background_refresh'
2024-11-03 11:58:35,690 (ffffac470b08) :  DEBUG (peerservice:189) - Updating servers (True/False True/True/True)
2024-11-03 11:58:35,690 (ffffac470b08) :  DEBUG (peerservice:198) - Found 1 servers
2024-11-03 11:58:35,691 (ffffac470b08) :  DEBUG (peerservice:233) - Updating existing server e0296b056cb8 (7eddf88e82e335a5d699f4d05742f9d9b9aaf4ba)
2024-11-03 11:58:35,691 (ffffac470b08) :  DEBUG (networking:144) - Requesting 'http://127.0.0.1:32400/library/sections'
2024-11-03 11:58:35,694 (ffffac470b08) :  DEBUG (networking:144) - Requesting 'http://127.0.0.1:32400/channels/all'
2024-11-03 12:18:07,958 (ffffaca61b08) :  DEBUG (runtime:717) - Handling request GET /system/appstore/updates
2024-11-03 12:18:07,959 (ffffaca61b08) :  CRITICAL (runtime:493) - Exception matching route for path "/system/appstore/updates" (most recent call last):
  File "/usr/lib/plexmediaserver/Resources/Plug-ins-af5eaea7a/Framework.bundle/Contents/Resources/Versions/2/Python/Framework/components/runtime.py", line 464, in match_route
    raise Framework.exceptions.FrameworkException("No route found matching '%s'" % path)
FrameworkException: No route found matching '/system/appstore/updates'

2024-11-03 12:18:07,959 (ffffaca61b08) :  ERROR (runtime:846) - Could not find route matching /system/appstore/updates
2024-11-03 12:18:07,960 (ffffaca61b08) :  DEBUG (runtime:924) - Response: [404] NoneType, 0 bytes
2024-11-03 12:18:45,009 (ffffaca61b08) :  DEBUG (runtime:717) - Handling request GET /system/scanners/1
2024-11-03 12:18:45,011 (ffffaca61b08) :  DEBUG (runtime:814) - Found route matching /system/scanners/1
2024-11-03 12:18:45,013 (ffffaca61b08) :  DEBUG (runtime:924) - Response: [200] MediaContainer, 299 bytes
2024-11-03 12:19:02,849 (ffffaca61b08) :  DEBUG (runtime:717) - Handling request GET /system/scanners/2
2024-11-03 12:19:02,855 (ffffaca61b08) :  DEBUG (runtime:814) - Found route matching /system/scanners/2
2024-11-03 12:19:02,862 (ffffaca61b08) :  DEBUG (runtime:924) - Response: [200] MediaContainer, 222 bytes
2024-11-03 12:19:22,341 (ffffaca61b08) :  DEBUG (runtime:717) - Handling request GET /system/scanners/8
2024-11-03 12:19:22,343 (ffffaca61b08) :  DEBUG (runtime:814) - Found route matching /system/scanners/8
2024-11-03 12:19:22,345 (ffffaca61b08) :  DEBUG (runtime:924) - Response: [200] MediaContainer, 264 bytes
2024-11-03 12:25:22,589 (ffffaca61b08) :  DEBUG (runtime:717) - Handling request GET /system/scanners/1
2024-11-03 12:25:22,594 (ffffaca61b08) :  DEBUG (runtime:814) - Found route matching /system/scanners/1
2024-11-03 12:25:22,595 (ffffaca61b08) :  DEBUG (runtime:924) - Response: [200] MediaContainer, 299 bytes
2024-11-03 12:56:35,672 (ffffaca01b08) :  DEBUG (runtime:1156) - Starting timed thread named 'invalidation_timer'
